Using pre-set license

 COMMAND LINE ARGUMENTS:
/Users/tenlac/iCloud Drive (archivo)/Desktop/Unity/UnityVersions/2020.2.1f1/Unity.app/Contents/MacOS/Unity
-adb2
-batchMode
-noUpm
-name
AssetImportWorker0
-projectPath
/Users/tenlac/Desktop/unity/valencia
-logFile
Logs/AssetImportWorker0.log
-srvPort
49437
Successfully changed project path to: /Users/tenlac/Desktop/unity/valencia
/Users/tenlac/Desktop/unity/valencia
Using Asset Import Pipeline V2.
Refreshing native plugins compatible for Editor in 39.94 ms, found 1 plugins.
Preloading 0 native plugins for Editor in 0.00 ms.
Initialize engine version: 2020.2.1f1 (270dd8c3da1c)
[Subsystems] Discovering subsystems at path /Users/tenlac/iCloud Drive (archivo)/Desktop/Unity/UnityVersions/2020.2.1f1/Unity.app/Contents/Resources/UnitySubsystems
[Subsystems] Discovering subsystems at path /Users/tenlac/Desktop/unity/valencia/Assets
GfxDevice: creating device client; threaded=0
2021-04-12 14:29:07.194 Unity[622:7447] Color LCD preferred device: Intel(R) Iris(TM) Graphics 6000 (low power)
2021-04-12 14:29:07.194 Unity[622:7447] Metal devices available: 1
2021-04-12 14:29:07.194 Unity[622:7447] 0: Intel(R) Iris(TM) Graphics 6000 (low power)
2021-04-12 14:29:07.195 Unity[622:7447] Using device Intel(R) Iris(TM) Graphics 6000 (low power)
Initializing Metal device caps: Intel(R) Iris(TM) Graphics 6000
Initialize mono
Mono path[0] = '/Users/tenlac/iCloud Drive (archivo)/Desktop/Unity/UnityVersions/2020.2.1f1/Unity.app/Contents/Managed'
Mono path[1] = '/Users/tenlac/iCloud Drive (archivo)/Desktop/Unity/UnityVersions/2020.2.1f1/Unity.app/Contents/MonoBleedingEdge/lib/mono/unityjit'
Mono config path = '/Users/tenlac/iCloud Drive (archivo)/Desktop/Unity/UnityVersions/2020.2.1f1/Unity.app/Contents/MonoBleedingEdge/etc'
Using monoOptions --debugger-agent=transport=dt_socket,embedding=1,server=y,suspend=n,address=127.0.0.1:56622
Begin MonoManager ReloadAssembly
Registering precompiled unity dll's ...
Register platform support module: /Users/tenlac/iCloud Drive (archivo)/Desktop/Unity/UnityVersions/2020.2.1f1/Unity.app/Contents/PlaybackEngines/MacStandaloneSupport/UnityEditor.OSXStandalone.Extensions.dll
Registered in 0.000868 seconds.
Native extension for OSXStandalone target not found
Refreshing native plugins compatible for Editor in 38.19 ms, found 1 plugins.
Preloading 0 native plugins for Editor in 0.00 ms.
Invoked RoslynAnalysisRunner static constructor.
RoslynAnalysisRunner will not be running.
RoslynAnalysisRunner has terminated.
Mono: successfully reloaded assembly
- Completed reload, in  5.187 seconds
Platform modules already initialized, skipping
Registering precompiled user dll's ...
Registered in 0.000604 seconds.
Begin MonoManager ReloadAssembly
Native extension for OSXStandalone target not found
Refreshing native plugins compatible for Editor in 0.24 ms, found 1 plugins.
Preloading 0 native plugins for Editor in 0.00 ms.
Invoked RoslynAnalysisRunner static constructor.
RoslynAnalysisRunner will not be running.
RoslynAnalysisRunner has terminated.
Mono: successfully reloaded assembly
- Completed reload, in  1.532 seconds
Platform modules already initialized, skipping
========================================================================
Worker process is ready to serve import requests
Launching external process: /Users/tenlac/iCloud Drive (archivo)/Desktop/Unity/UnityVersions/2020.2.1f1/Unity.app/Contents/Tools/UnityShaderCompiler
Launched and connected shader compiler UnityShaderCompiler after 0.02 seconds
Refreshing native plugins compatible for Editor in 0.41 ms, found 1 plugins.
Preloading 0 native plugins for Editor in 0.00 ms.
Unloading 1113 Unused Serialized files (Serialized files now loaded: 0)
System memory in use before: 115.9 MB.
System memory in use after: 115.9 MB.

Unloading 10 unused Assets to reduce memory usage. Loaded Objects now: 1557.
Total: 3.828893 ms (FindLiveObjects: 0.525274 ms CreateObjectMapping: 0.151489 ms MarkObjects: 3.010974 ms  DeleteObjects: 0.138984 ms)

========================================================================
Received Import Request.
  path: Assets/Materials/1.mat
  artifactKey: Guid(e8b39f78fd6f647dba98f066776f895b) Importer(815301076,1909f56bfc062723c751e8b465ee728b)
Start importing Assets/Materials/1.mat using Guid(e8b39f78fd6f647dba98f066776f895b) Importer(815301076,1909f56bfc062723c751e8b465ee728b)  -> (artifact id: '0b6b368ae20c63a06bb8f1e27c8cc36e') in 2.308073 seconds
  Import took 2.312345 seconds .

========================================================================
Received Import Request.
  Time since last request: 54.383575 seconds.
  path: Assets/Materials/1.mat
  artifactKey: Guid(e8b39f78fd6f647dba98f066776f895b) Importer(815301076,1909f56bfc062723c751e8b465ee728b)
Start importing Assets/Materials/1.mat using Guid(e8b39f78fd6f647dba98f066776f895b) Importer(815301076,1909f56bfc062723c751e8b465ee728b)  -> (artifact id: '5f3152af001aebd3c193489134cfb388') in 0.029316 seconds
  Import took 0.034064 seconds .

========================================================================
Received Import Request.
  Time since last request: 0.444116 seconds.
  path: Assets/Materials/1 1.mat
  artifactKey: Guid(79e8a31e7205b40f98bc7dfd2df60a7a) Importer(815301076,1909f56bfc062723c751e8b465ee728b)
Start importing Assets/Materials/1 1.mat using Guid(79e8a31e7205b40f98bc7dfd2df60a7a) Importer(815301076,1909f56bfc062723c751e8b465ee728b)  -> (artifact id: 'd6de35dba103281cfd8b856b7553df59') in 0.025281 seconds
  Import took 0.031473 seconds .

========================================================================
Received Import Request.
  Time since last request: 15.020510 seconds.
  path: Assets/Materials/2.mat
  artifactKey: Guid(6c9a85214b47342bbae493b00a09f4ff) Importer(815301076,1909f56bfc062723c751e8b465ee728b)
Start importing Assets/Materials/2.mat using Guid(6c9a85214b47342bbae493b00a09f4ff) Importer(815301076,1909f56bfc062723c751e8b465ee728b)  -> (artifact id: '9fcf402574a026a7651ccd9e879c181c') in 0.045293 seconds
  Import took 0.049717 seconds .

========================================================================
Received Import Request.
  Time since last request: 55.237229 seconds.
  path: Assets/Materials/3.mat
  artifactKey: Guid(1720c32bb41cf4144a1395b6d4332ab8) Importer(815301076,1909f56bfc062723c751e8b465ee728b)
Start importing Assets/Materials/3.mat using Guid(1720c32bb41cf4144a1395b6d4332ab8) Importer(815301076,1909f56bfc062723c751e8b465ee728b)  -> (artifact id: '05b00040457034cdaca06ae90e6b0d71') in 0.022097 seconds
  Import took 0.026578 seconds .

========================================================================
Received Import Request.
  Time since last request: 100.389892 seconds.
  path: Assets/Models/Materials
  artifactKey: Guid(6a1f812297ebe47c88278854bf47295c) Importer(815301076,1909f56bfc062723c751e8b465ee728b)
Start importing Assets/Models/Materials using Guid(6a1f812297ebe47c88278854bf47295c) Importer(815301076,1909f56bfc062723c751e8b465ee728b)  -> (artifact id: '81a791ca3b60012fa03a4739b383cfee') in 0.002002 seconds
  Import took 0.005338 seconds .

========================================================================
Received Import Request.
  Time since last request: 0.129286 seconds.
  path: Assets/Models/Materials/2.mat
  artifactKey: Guid(6d71bb3182e4849b79d89930641426e3) Importer(815301076,1909f56bfc062723c751e8b465ee728b)
Start importing Assets/Models/Materials/2.mat using Guid(6d71bb3182e4849b79d89930641426e3) Importer(815301076,1909f56bfc062723c751e8b465ee728b)  -> (artifact id: '5a049e6eba40159db4820e40bdf4d393') in 0.016358 seconds
  Import took 0.021716 seconds .

========================================================================
Received Import Request.
  Time since last request: 0.000419 seconds.
  path: Assets/Models/Materials/tex casing.mat
  artifactKey: Guid(bf1b3678b8e13478d90d2a37f0168931) Importer(815301076,1909f56bfc062723c751e8b465ee728b)
Start importing Assets/Models/Materials/tex casing.mat using Guid(bf1b3678b8e13478d90d2a37f0168931) Importer(815301076,1909f56bfc062723c751e8b465ee728b)  -> (artifact id: '00b441742a20cffaac270dc7e72db703') in 0.018915 seconds
  Import took 0.025817 seconds .

========================================================================
Received Import Request.
  Time since last request: 0.000468 seconds.
  path: Assets/Models/Materials/Tex.details 8000.mat
  artifactKey: Guid(e76efed7c7663412c91d882e4aab4fa0) Importer(815301076,1909f56bfc062723c751e8b465ee728b)
Start importing Assets/Models/Materials/Tex.details 8000.mat using Guid(e76efed7c7663412c91d882e4aab4fa0) Importer(815301076,1909f56bfc062723c751e8b465ee728b)  -> (artifact id: '90d61aa1451aa791bddfb39140998f44') in 0.020269 seconds
  Import took 0.025086 seconds .

========================================================================
Received Import Request.
  Time since last request: 0.000335 seconds.
  path: Assets/Models/Materials/Tex.details II.mat
  artifactKey: Guid(e6ecc82764b014d9aa99dd71381f184f) Importer(815301076,1909f56bfc062723c751e8b465ee728b)
Start importing Assets/Models/Materials/Tex.details II.mat using Guid(e6ecc82764b014d9aa99dd71381f184f) Importer(815301076,1909f56bfc062723c751e8b465ee728b)  -> (artifact id: '6e164e3c3d6087ab964d97b2f43fcb1f') in 0.018296 seconds
  Import took 0.021020 seconds .

========================================================================
Received Import Request.
  Time since last request: 0.023945 seconds.
  path: Assets/Models/Materials/Tex.details II.mat
  artifactKey: Guid(e6ecc82764b014d9aa99dd71381f184f) Importer(815301076,1909f56bfc062723c751e8b465ee728b)
Start importing Assets/Models/Materials/Tex.details II.mat using Guid(e6ecc82764b014d9aa99dd71381f184f) Importer(815301076,1909f56bfc062723c751e8b465ee728b)  -> (artifact id: '6e164e3c3d6087ab964d97b2f43fcb1f') in 0.016848 seconds
  Import took 0.021817 seconds .

========================================================================
Received Import Request.
  Time since last request: 51.021953 seconds.
  path: Assets/Prefabs/1.prefab
  artifactKey: Guid(af7650fbae9ff4c999255dac85edc253) Importer(815301076,1909f56bfc062723c751e8b465ee728b)
Start importing Assets/Prefabs/1.prefab using Guid(af7650fbae9ff4c999255dac85edc253) Importer(815301076,1909f56bfc062723c751e8b465ee728b)  -> (artifact id: '439a0e2ebf7908f8213185e1df8d4ad1') in 0.563711 seconds
  Import took 0.568052 seconds .

========================================================================
Received Import Request.
  Time since last request: 1.419407 seconds.
  path: Assets/Prefabs/2.prefab
  artifactKey: Guid(cff60d5d07fc24dcaa4a7c6ffba9f112) Importer(815301076,1909f56bfc062723c751e8b465ee728b)
Start importing Assets/Prefabs/2.prefab using Guid(cff60d5d07fc24dcaa4a7c6ffba9f112) Importer(815301076,1909f56bfc062723c751e8b465ee728b)  -> (artifact id: '40ba453a39da990963a569f2961a3bb5') in 0.024575 seconds
  Import took 0.030230 seconds .

========================================================================
Received Import Request.
  Time since last request: 0.018873 seconds.
  path: Assets/Prefabs/2.prefab
  artifactKey: Guid(cff60d5d07fc24dcaa4a7c6ffba9f112) Importer(815301076,1909f56bfc062723c751e8b465ee728b)
Start importing Assets/Prefabs/2.prefab using Guid(cff60d5d07fc24dcaa4a7c6ffba9f112) Importer(815301076,1909f56bfc062723c751e8b465ee728b)  -> (artifact id: '40ba453a39da990963a569f2961a3bb5') in 0.017482 seconds
  Import took 0.021487 seconds .

========================================================================
Received Import Request.
  Time since last request: 1.717006 seconds.
  path: Assets/Prefabs/3.prefab
  artifactKey: Guid(3ee91e6038b424da29329309dd9e854c) Importer(815301076,1909f56bfc062723c751e8b465ee728b)
Start importing Assets/Prefabs/3.prefab using Guid(3ee91e6038b424da29329309dd9e854c) Importer(815301076,1909f56bfc062723c751e8b465ee728b)  -> (artifact id: 'a58f182bca90043f9b37cef6b27cc982') in 0.015546 seconds
  Import took 0.018661 seconds .

========================================================================
Received Import Request.
  Time since last request: 0.029154 seconds.
  path: Assets/Prefabs/3.prefab
  artifactKey: Guid(3ee91e6038b424da29329309dd9e854c) Importer(815301076,1909f56bfc062723c751e8b465ee728b)
Start importing Assets/Prefabs/3.prefab using Guid(3ee91e6038b424da29329309dd9e854c) Importer(815301076,1909f56bfc062723c751e8b465ee728b)  -> (artifact id: 'a58f182bca90043f9b37cef6b27cc982') in 0.013664 seconds
  Import took 0.017919 seconds .

========================================================================
Received Import Request.
  Time since last request: 33.032384 seconds.
  path: Assets/Prefabs/1.prefab
  artifactKey: Guid(af7650fbae9ff4c999255dac85edc253) Importer(815301076,1909f56bfc062723c751e8b465ee728b)
Start importing Assets/Prefabs/1.prefab using Guid(af7650fbae9ff4c999255dac85edc253) Importer(815301076,1909f56bfc062723c751e8b465ee728b)  -> (artifact id: '3a112cbb9c225d4c693bc012ab45249b') in 0.021582 seconds
  Import took 0.024498 seconds .

========================================================================
Received Import Request.
  Time since last request: 0.032627 seconds.
  path: Assets/Prefabs/1.prefab
  artifactKey: Guid(af7650fbae9ff4c999255dac85edc253) Importer(815301076,1909f56bfc062723c751e8b465ee728b)
Start importing Assets/Prefabs/1.prefab using Guid(af7650fbae9ff4c999255dac85edc253) Importer(815301076,1909f56bfc062723c751e8b465ee728b)  -> (artifact id: '3a112cbb9c225d4c693bc012ab45249b') in 0.017601 seconds
  Import took 0.021286 seconds .

========================================================================
Received Import Request.
  Time since last request: 1.571805 seconds.
  path: Assets/Prefabs/2.prefab
  artifactKey: Guid(cff60d5d07fc24dcaa4a7c6ffba9f112) Importer(815301076,1909f56bfc062723c751e8b465ee728b)
Start importing Assets/Prefabs/2.prefab using Guid(cff60d5d07fc24dcaa4a7c6ffba9f112) Importer(815301076,1909f56bfc062723c751e8b465ee728b)  -> (artifact id: '2cde6e36e8ffd8380ea656b514243360') in 0.016574 seconds
  Import took 0.020457 seconds .

========================================================================
Received Import Request.
  Time since last request: 0.033184 seconds.
  path: Assets/Prefabs/2.prefab
  artifactKey: Guid(cff60d5d07fc24dcaa4a7c6ffba9f112) Importer(815301076,1909f56bfc062723c751e8b465ee728b)
Start importing Assets/Prefabs/2.prefab using Guid(cff60d5d07fc24dcaa4a7c6ffba9f112) Importer(815301076,1909f56bfc062723c751e8b465ee728b)  -> (artifact id: '2cde6e36e8ffd8380ea656b514243360') in 0.020689 seconds
  Import took 0.024597 seconds .

========================================================================
Received Import Request.
  Time since last request: 1.625632 seconds.
  path: Assets/Prefabs/3.prefab
  artifactKey: Guid(3ee91e6038b424da29329309dd9e854c) Importer(815301076,1909f56bfc062723c751e8b465ee728b)
Start importing Assets/Prefabs/3.prefab using Guid(3ee91e6038b424da29329309dd9e854c) Importer(815301076,1909f56bfc062723c751e8b465ee728b)  -> (artifact id: 'a1db8e649fa9717ce2c1f7a3f0816a12') in 0.016386 seconds
  Import took 0.021320 seconds .

========================================================================
Received Import Request.
  Time since last request: 0.033027 seconds.
  path: Assets/Prefabs/3.prefab
  artifactKey: Guid(3ee91e6038b424da29329309dd9e854c) Importer(815301076,1909f56bfc062723c751e8b465ee728b)
Start importing Assets/Prefabs/3.prefab using Guid(3ee91e6038b424da29329309dd9e854c) Importer(815301076,1909f56bfc062723c751e8b465ee728b)  -> (artifact id: 'a1db8e649fa9717ce2c1f7a3f0816a12') in 0.017367 seconds
  Import took 0.021668 seconds .

========================================================================
Received Import Request.
  Time since last request: 191.898302 seconds.
  path: Assets/Scripts/UiStone.cs
  artifactKey: Guid(5e459c410189e4ab697ec16ca3ba5352) Importer(815301076,1909f56bfc062723c751e8b465ee728b)
Start importing Assets/Scripts/UiStone.cs using Guid(5e459c410189e4ab697ec16ca3ba5352) Importer(815301076,1909f56bfc062723c751e8b465ee728b)  -> (artifact id: '176aa467bb2285c898522a2ba1b291cc') in 0.676645 seconds
  Import took 0.681412 seconds .

========================================================================
Received Import Request.
  Time since last request: 121.328222 seconds.
  path: Assets/Scripts/UiStone.cs
  artifactKey: Guid(5e459c410189e4ab697ec16ca3ba5352) Importer(815301076,1909f56bfc062723c751e8b465ee728b)
Start importing Assets/Scripts/UiStone.cs using Guid(5e459c410189e4ab697ec16ca3ba5352) Importer(815301076,1909f56bfc062723c751e8b465ee728b)  -> (artifact id: '59faf97a45a9d96f15072d0332e74f79') in 0.020716 seconds
  Import took 0.029986 seconds .

========================================================================
Received Prepare
Registering precompiled user dll's ...
Registered in 0.000688 seconds.
Begin MonoManager ReloadAssembly
Native extension for OSXStandalone target not found
Refreshing native plugins compatible for Editor in 0.33 ms, found 1 plugins.
Preloading 0 native plugins for Editor in 0.00 ms.
Invoked RoslynAnalysisRunner static constructor.
RoslynAnalysisRunner will not be running.
RoslynAnalysisRunner has terminated.
Mono: successfully reloaded assembly
- Completed reload, in  1.329 seconds
Platform modules already initialized, skipping
Refreshing native plugins compatible for Editor in 0.33 ms, found 1 plugins.
Preloading 0 native plugins for Editor in 0.00 ms.
Unloading 1095 Unused Serialized files (Serialized files now loaded: 0)
System memory in use before: 132.3 MB.
System memory in use after: 132.4 MB.

Unloading 5 unused Assets to reduce memory usage. Loaded Objects now: 1600.
Total: 2.843385 ms (FindLiveObjects: 0.485737 ms CreateObjectMapping: 0.075593 ms MarkObjects: 2.175593 ms  DeleteObjects: 0.104204 ms)

========================================================================
Received Import Request.
  Time since last request: 19.256094 seconds.
  path: Assets/Scripts/UiStone.cs
  artifactKey: Guid(5e459c410189e4ab697ec16ca3ba5352) Importer(815301076,1909f56bfc062723c751e8b465ee728b)
Start importing Assets/Scripts/UiStone.cs using Guid(5e459c410189e4ab697ec16ca3ba5352) Importer(815301076,1909f56bfc062723c751e8b465ee728b)  -> (artifact id: '605b4bb1fdf55da90a79eb53a568f366') in 0.012733 seconds
  Import took 0.016228 seconds .

========================================================================
Received Prepare
Registering precompiled user dll's ...
Registered in 0.002423 seconds.
Begin MonoManager ReloadAssembly
Native extension for OSXStandalone target not found
Refreshing native plugins compatible for Editor in 0.25 ms, found 1 plugins.
Preloading 0 native plugins for Editor in 0.00 ms.
Invoked RoslynAnalysisRunner static constructor.
RoslynAnalysisRunner will not be running.
RoslynAnalysisRunner has terminated.
Mono: successfully reloaded assembly
- Completed reload, in  1.767 seconds
Platform modules already initialized, skipping
Refreshing native plugins compatible for Editor in 0.27 ms, found 1 plugins.
Preloading 0 native plugins for Editor in 0.00 ms.
Unloading 1095 Unused Serialized files (Serialized files now loaded: 0)
System memory in use before: 133.6 MB.
System memory in use after: 133.7 MB.

Unloading 5 unused Assets to reduce memory usage. Loaded Objects now: 1602.
Total: 2.046700 ms (FindLiveObjects: 0.182370 ms CreateObjectMapping: 0.051676 ms MarkObjects: 1.723550 ms  DeleteObjects: 0.085763 ms)

========================================================================
Received Import Request.
  Time since last request: 840.924550 seconds.
  path: Assets/sprites
  artifactKey: Guid(92cffac036c4a405e9f78363f31edbd0) Importer(815301076,1909f56bfc062723c751e8b465ee728b)
Start importing Assets/sprites using Guid(92cffac036c4a405e9f78363f31edbd0) Importer(815301076,1909f56bfc062723c751e8b465ee728b)  -> (artifact id: 'a40f936686b3a213bc6962d9182a1a97') in 0.009007 seconds
  Import took 0.012899 seconds .

========================================================================
Received Import Request.
  Time since last request: 19.542022 seconds.
  path: Assets/sprites/background.png
  artifactKey: Guid(ccdfd8c2e47ae4a6f955eee89b865e39) Importer(815301076,1909f56bfc062723c751e8b465ee728b)
Start importing Assets/sprites/background.png using Guid(ccdfd8c2e47ae4a6f955eee89b865e39) Importer(815301076,1909f56bfc062723c751e8b465ee728b)  -> (artifact id: '6cefb5ec2699caa03f5b409d8ed6bda8') in 1.592884 seconds
  Import took 1.597478 seconds .

========================================================================
Received Import Request.
  Time since last request: 17.292904 seconds.
  path: Assets/sprites/background.png
  artifactKey: Guid(ccdfd8c2e47ae4a6f955eee89b865e39) Importer(815301076,1909f56bfc062723c751e8b465ee728b)
Start importing Assets/sprites/background.png using Guid(ccdfd8c2e47ae4a6f955eee89b865e39) Importer(815301076,1909f56bfc062723c751e8b465ee728b)  -> (artifact id: '2bc354a5d093945490fba34aa5400aaa') in 0.052695 seconds
  Import took 0.058131 seconds .

========================================================================
Received Import Request.
  Time since last request: 133.313209 seconds.
  path: Assets/Scripts/Progressbar.cs
  artifactKey: Guid(861a8a509dde74b289d4ca2b37c76403) Importer(815301076,1909f56bfc062723c751e8b465ee728b)
Start importing Assets/Scripts/Progressbar.cs using Guid(861a8a509dde74b289d4ca2b37c76403) Importer(815301076,1909f56bfc062723c751e8b465ee728b)  -> (artifact id: '673bd1ee954e99ca7603281c525968cb') in 0.006271 seconds
  Import took 0.017829 seconds .

========================================================================
Received Prepare
Registering precompiled user dll's ...
Registered in 0.008868 seconds.
Begin MonoManager ReloadAssembly
Native extension for OSXStandalone target not found
Refreshing native plugins compatible for Editor in 0.25 ms, found 1 plugins.
Preloading 0 native plugins for Editor in 0.00 ms.
Invoked RoslynAnalysisRunner static constructor.
RoslynAnalysisRunner will not be running.
RoslynAnalysisRunner has terminated.
Mono: successfully reloaded assembly
- Completed reload, in  1.554 seconds
Platform modules already initialized, skipping
Refreshing native plugins compatible for Editor in 0.28 ms, found 1 plugins.
Preloading 0 native plugins for Editor in 0.00 ms.
Unloading 1096 Unused Serialized files (Serialized files now loaded: 0)
System memory in use before: 138.3 MB.
System memory in use after: 138.4 MB.

Unloading 5 unused Assets to reduce memory usage. Loaded Objects now: 1610.
Total: 3.172224 ms (FindLiveObjects: 0.411650 ms CreateObjectMapping: 0.088005 ms MarkObjects: 2.599819 ms  DeleteObjects: 0.070280 ms)

========================================================================
Received Prepare
Registering precompiled user dll's ...
Registered in 0.001022 seconds.
Begin MonoManager ReloadAssembly
Native extension for OSXStandalone target not found
Refreshing native plugins compatible for Editor in 0.24 ms, found 1 plugins.
Preloading 0 native plugins for Editor in 0.00 ms.
Invoked RoslynAnalysisRunner static constructor.
RoslynAnalysisRunner will not be running.
RoslynAnalysisRunner has terminated.
Mono: successfully reloaded assembly
- Completed reload, in  1.623 seconds
Platform modules already initialized, skipping
Refreshing native plugins compatible for Editor in 0.32 ms, found 1 plugins.
Preloading 0 native plugins for Editor in 0.00 ms.
Unloading 1096 Unused Serialized files (Serialized files now loaded: 0)
System memory in use before: 138.3 MB.
System memory in use after: 138.3 MB.

Unloading 5 unused Assets to reduce memory usage. Loaded Objects now: 1612.
Total: 2.860817 ms (FindLiveObjects: 0.358896 ms CreateObjectMapping: 0.101284 ms MarkObjects: 2.329942 ms  DeleteObjects: 0.067059 ms)

========================================================================
Received Import Request.
  Time since last request: 206.841305 seconds.
  path: Assets/Scripts/Progressbar.cs
  artifactKey: Guid(861a8a509dde74b289d4ca2b37c76403) Importer(815301076,1909f56bfc062723c751e8b465ee728b)
Start importing Assets/Scripts/Progressbar.cs using Guid(861a8a509dde74b289d4ca2b37c76403) Importer(815301076,1909f56bfc062723c751e8b465ee728b)  -> (artifact id: 'cf9828699b8170ef4df961fb71f01321') in 0.008375 seconds
  Import took 0.013174 seconds .

========================================================================
Received Prepare
Registering precompiled user dll's ...
Registered in 0.000962 seconds.
Begin MonoManager ReloadAssembly
Native extension for OSXStandalone target not found
Refreshing native plugins compatible for Editor in 0.24 ms, found 1 plugins.
Preloading 0 native plugins for Editor in 0.00 ms.
Invoked RoslynAnalysisRunner static constructor.
RoslynAnalysisRunner will not be running.
RoslynAnalysisRunner has terminated.
Mono: successfully reloaded assembly
- Completed reload, in  1.430 seconds
Platform modules already initialized, skipping
Refreshing native plugins compatible for Editor in 0.34 ms, found 1 plugins.
Preloading 0 native plugins for Editor in 0.00 ms.
Unloading 1096 Unused Serialized files (Serialized files now loaded: 0)
System memory in use before: 138.8 MB.
System memory in use after: 138.9 MB.

Unloading 5 unused Assets to reduce memory usage. Loaded Objects now: 1614.
Total: 3.068004 ms (FindLiveObjects: 0.267175 ms CreateObjectMapping: 0.064400 ms MarkObjects: 2.655644 ms  DeleteObjects: 0.078346 ms)

========================================================================
Received Prepare
Registering precompiled user dll's ...
Registered in 0.000578 seconds.
Begin MonoManager ReloadAssembly
Native extension for OSXStandalone target not found
Refreshing native plugins compatible for Editor in 0.27 ms, found 1 plugins.
Preloading 0 native plugins for Editor in 0.00 ms.
Invoked RoslynAnalysisRunner static constructor.
RoslynAnalysisRunner will not be running.
RoslynAnalysisRunner has terminated.
Mono: successfully reloaded assembly
- Completed reload, in  1.371 seconds
Platform modules already initialized, skipping
Refreshing native plugins compatible for Editor in 0.28 ms, found 1 plugins.
Preloading 0 native plugins for Editor in 0.00 ms.
Unloading 1096 Unused Serialized files (Serialized files now loaded: 0)
System memory in use before: 139.0 MB.
System memory in use after: 139.1 MB.

Unloading 5 unused Assets to reduce memory usage. Loaded Objects now: 1616.
Total: 2.433124 ms (FindLiveObjects: 0.525853 ms CreateObjectMapping: 0.096731 ms MarkObjects: 1.746786 ms  DeleteObjects: 0.060444 ms)

========================================================================
Received Prepare
Registering precompiled user dll's ...
Registered in 0.002081 seconds.
Begin MonoManager ReloadAssembly
Native extension for OSXStandalone target not found
Refreshing native plugins compatible for Editor in 0.40 ms, found 1 plugins.
Preloading 0 native plugins for Editor in 0.00 ms.
Invoked RoslynAnalysisRunner static constructor.
RoslynAnalysisRunner will not be running.
RoslynAnalysisRunner has terminated.
Mono: successfully reloaded assembly
- Completed reload, in  1.540 seconds
Platform modules already initialized, skipping
Refreshing native plugins compatible for Editor in 0.32 ms, found 1 plugins.
Preloading 0 native plugins for Editor in 0.00 ms.
Unloading 1096 Unused Serialized files (Serialized files now loaded: 0)
System memory in use before: 139.3 MB.
System memory in use after: 139.3 MB.

Unloading 5 unused Assets to reduce memory usage. Loaded Objects now: 1618.
Total: 2.574473 ms (FindLiveObjects: 0.392472 ms CreateObjectMapping: 0.053390 ms MarkObjects: 2.046236 ms  DeleteObjects: 0.080649 ms)

========================================================================
Received Prepare
Registering precompiled user dll's ...
Registered in 0.002771 seconds.
Begin MonoManager ReloadAssembly
Native extension for OSXStandalone target not found
Refreshing native plugins compatible for Editor in 0.28 ms, found 1 plugins.
Preloading 0 native plugins for Editor in 0.00 ms.
Invoked RoslynAnalysisRunner static constructor.
RoslynAnalysisRunner will not be running.
RoslynAnalysisRunner has terminated.
Mono: successfully reloaded assembly
- Completed reload, in  1.837 seconds
Platform modules already initialized, skipping
Refreshing native plugins compatible for Editor in 0.29 ms, found 1 plugins.
Preloading 0 native plugins for Editor in 0.00 ms.
Unloading 1096 Unused Serialized files (Serialized files now loaded: 0)
System memory in use before: 139.5 MB.
System memory in use after: 139.6 MB.

Unloading 5 unused Assets to reduce memory usage. Loaded Objects now: 1620.
Total: 3.013755 ms (FindLiveObjects: 0.405376 ms CreateObjectMapping: 0.083279 ms MarkObjects: 2.432464 ms  DeleteObjects: 0.089622 ms)

========================================================================
Received Prepare
Registering precompiled user dll's ...
Registered in 0.002470 seconds.
Begin MonoManager ReloadAssembly
Native extension for OSXStandalone target not found
Refreshing native plugins compatible for Editor in 0.30 ms, found 1 plugins.
Preloading 0 native plugins for Editor in 0.00 ms.
Invoked RoslynAnalysisRunner static constructor.
RoslynAnalysisRunner will not be running.
RoslynAnalysisRunner has terminated.
Mono: successfully reloaded assembly
- Completed reload, in  1.726 seconds
Platform modules already initialized, skipping
Refreshing native plugins compatible for Editor in 0.38 ms, found 1 plugins.
Preloading 0 native plugins for Editor in 0.00 ms.
Unloading 1096 Unused Serialized files (Serialized files now loaded: 0)
System memory in use before: 139.8 MB.
System memory in use after: 139.8 MB.

Unloading 5 unused Assets to reduce memory usage. Loaded Objects now: 1622.
Total: 2.114245 ms (FindLiveObjects: 0.262636 ms CreateObjectMapping: 0.052008 ms MarkObjects: 1.722625 ms  DeleteObjects: 0.074862 ms)

========================================================================
Received Import Request.
  Time since last request: 87220.073884 seconds.
  path: Assets/Sounds 1
  artifactKey: Guid(7509a7e442646454b876dd55105e7929) Importer(815301076,1909f56bfc062723c751e8b465ee728b)
Start importing Assets/Sounds 1 using Guid(7509a7e442646454b876dd55105e7929) Importer(815301076,1909f56bfc062723c751e8b465ee728b)  -> (artifact id: '8127d1a6f0dbe2a66acda3150187afd7') in 0.009334 seconds
  Import took 0.015638 seconds .

========================================================================
Received Import Request.
  Time since last request: 0.036267 seconds.
  path: Assets/Sounds 1
  artifactKey: Guid(7509a7e442646454b876dd55105e7929) Importer(815301076,1909f56bfc062723c751e8b465ee728b)
Start importing Assets/Sounds 1 using Guid(7509a7e442646454b876dd55105e7929) Importer(815301076,1909f56bfc062723c751e8b465ee728b)  -> (artifact id: '8127d1a6f0dbe2a66acda3150187afd7') in 0.002896 seconds
  Import took 0.015427 seconds .

========================================================================
Received Import Request.
  Time since last request: 36.502968 seconds.
  path: Assets/Sounds/music_zapsplat_daft_cat_117.mp3
  artifactKey: Guid(aa6eba6740d0446a994de8a080d53211) Importer(815301076,1909f56bfc062723c751e8b465ee728b)
Start importing Assets/Sounds/music_zapsplat_daft_cat_117.mp3 using Guid(aa6eba6740d0446a994de8a080d53211) Importer(815301076,1909f56bfc062723c751e8b465ee728b)  -> (artifact id: 'e709ceee3694c4be72460986d98f91d2') in 2.159446 seconds
  Import took 2.163129 seconds .

========================================================================
Received Import Request.
  Time since last request: 0.000428 seconds.
  path: Assets/Sounds/zapsplat_cartoon_pop_suction_cork_003_64605.mp3
  artifactKey: Guid(76a88d80c632f4f12bd1caae2c1a83a5) Importer(815301076,1909f56bfc062723c751e8b465ee728b)
Start importing Assets/Sounds/zapsplat_cartoon_pop_suction_cork_003_64605.mp3 using Guid(76a88d80c632f4f12bd1caae2c1a83a5) Importer(815301076,1909f56bfc062723c751e8b465ee728b)  -> (artifact id: '11448c41d687a8970a1eb1e1a0825d3f') in 0.037360 seconds
  Import took 0.042936 seconds .

========================================================================
Received Import Request.
  Time since last request: 22.229587 seconds.
  path: Assets/Prefabs/1.prefab
  artifactKey: Guid(af7650fbae9ff4c999255dac85edc253) Importer(815301076,1909f56bfc062723c751e8b465ee728b)
Start importing Assets/Prefabs/1.prefab using Guid(af7650fbae9ff4c999255dac85edc253) Importer(815301076,1909f56bfc062723c751e8b465ee728b)  -> (artifact id: '60c56cb64a1c3b6375e1fed60adc6aaf') in 0.106579 seconds
  Import took 0.111781 seconds .

========================================================================
Received Import Request.
  Time since last request: 0.000383 seconds.
  path: Assets/Prefabs/2.prefab
  artifactKey: Guid(cff60d5d07fc24dcaa4a7c6ffba9f112) Importer(815301076,1909f56bfc062723c751e8b465ee728b)
Start importing Assets/Prefabs/2.prefab using Guid(cff60d5d07fc24dcaa4a7c6ffba9f112) Importer(815301076,1909f56bfc062723c751e8b465ee728b)  -> (artifact id: '4b3bf5d063f294d6d464bdf6ced84c92') in 0.023127 seconds
  Import took 0.029480 seconds .

========================================================================
Received Import Request.
  Time since last request: 0.000404 seconds.
  path: Assets/Prefabs/3.prefab
  artifactKey: Guid(3ee91e6038b424da29329309dd9e854c) Importer(815301076,1909f56bfc062723c751e8b465ee728b)
Start importing Assets/Prefabs/3.prefab using Guid(3ee91e6038b424da29329309dd9e854c) Importer(815301076,1909f56bfc062723c751e8b465ee728b)  -> (artifact id: '71c599931356a7ba444069ed46360450') in 0.028776 seconds
  Import took 0.035286 seconds .

========================================================================
Received Import Request.
  Time since last request: 6.749802 seconds.
  path: Assets/Prefabs/1.prefab
  artifactKey: Guid(af7650fbae9ff4c999255dac85edc253) Importer(815301076,1909f56bfc062723c751e8b465ee728b)
Start importing Assets/Prefabs/1.prefab using Guid(af7650fbae9ff4c999255dac85edc253) Importer(815301076,1909f56bfc062723c751e8b465ee728b)  -> (artifact id: '3a19f67ae03e7c139c5ac77b37a8ab84') in 0.018745 seconds
  Import took 0.024536 seconds .

========================================================================
Received Import Request.
  Time since last request: 0.031582 seconds.
  path: Assets/Prefabs/1.prefab
  artifactKey: Guid(af7650fbae9ff4c999255dac85edc253) Importer(815301076,1909f56bfc062723c751e8b465ee728b)
Start importing Assets/Prefabs/1.prefab using Guid(af7650fbae9ff4c999255dac85edc253) Importer(815301076,1909f56bfc062723c751e8b465ee728b)  -> (artifact id: '3a19f67ae03e7c139c5ac77b37a8ab84') in 0.019419 seconds
  Import took 0.022606 seconds .

========================================================================
Received Import Request.
  Time since last request: 0.000407 seconds.
  path: Assets/Prefabs/2.prefab
  artifactKey: Guid(cff60d5d07fc24dcaa4a7c6ffba9f112) Importer(815301076,1909f56bfc062723c751e8b465ee728b)
Start importing Assets/Prefabs/2.prefab using Guid(cff60d5d07fc24dcaa4a7c6ffba9f112) Importer(815301076,1909f56bfc062723c751e8b465ee728b)  -> (artifact id: 'a7673e5cbe8e8ebf84e7679c254eb2a9') in 0.030100 seconds
  Import took 0.037854 seconds .

========================================================================
Received Import Request.
  Time since last request: 0.000315 seconds.
  path: Assets/Prefabs/3.prefab
  artifactKey: Guid(3ee91e6038b424da29329309dd9e854c) Importer(815301076,1909f56bfc062723c751e8b465ee728b)
Start importing Assets/Prefabs/3.prefab using Guid(3ee91e6038b424da29329309dd9e854c) Importer(815301076,1909f56bfc062723c751e8b465ee728b)  -> (artifact id: 'f8492ebeb085f80fc50152952ca8553f') in 0.025960 seconds
  Import took 0.031747 seconds .

========================================================================
Received Import Request.
  Time since last request: 0.000384 seconds.
  path: Assets/Prefabs/2.prefab
  artifactKey: Guid(cff60d5d07fc24dcaa4a7c6ffba9f112) Importer(815301076,1909f56bfc062723c751e8b465ee728b)
Start importing Assets/Prefabs/2.prefab using Guid(cff60d5d07fc24dcaa4a7c6ffba9f112) Importer(815301076,1909f56bfc062723c751e8b465ee728b)  -> (artifact id: 'a7673e5cbe8e8ebf84e7679c254eb2a9') in 0.022921 seconds
  Import took 0.026102 seconds .

========================================================================
Received Import Request.
  Time since last request: 0.028780 seconds.
  path: Assets/Prefabs/3.prefab
  artifactKey: Guid(3ee91e6038b424da29329309dd9e854c) Importer(815301076,1909f56bfc062723c751e8b465ee728b)
Start importing Assets/Prefabs/3.prefab using Guid(3ee91e6038b424da29329309dd9e854c) Importer(815301076,1909f56bfc062723c751e8b465ee728b)  -> (artifact id: 'f8492ebeb085f80fc50152952ca8553f') in 0.019963 seconds
  Import took 0.028556 seconds .

========================================================================
Received Import Request.
  Time since last request: 46.147396 seconds.
  path: Assets/Prefabs/1.prefab
  artifactKey: Guid(af7650fbae9ff4c999255dac85edc253) Importer(815301076,1909f56bfc062723c751e8b465ee728b)
Start importing Assets/Prefabs/1.prefab using Guid(af7650fbae9ff4c999255dac85edc253) Importer(815301076,1909f56bfc062723c751e8b465ee728b)  -> (artifact id: 'bbcad2cb5f1a0b960be92ce30dd72d65') in 0.019576 seconds
  Import took 0.024469 seconds .

========================================================================
Received Import Request.
  Time since last request: 0.048878 seconds.
  path: Assets/Prefabs/1.prefab
  artifactKey: Guid(af7650fbae9ff4c999255dac85edc253) Importer(815301076,1909f56bfc062723c751e8b465ee728b)
Start importing Assets/Prefabs/1.prefab using Guid(af7650fbae9ff4c999255dac85edc253) Importer(815301076,1909f56bfc062723c751e8b465ee728b)  -> (artifact id: 'bbcad2cb5f1a0b960be92ce30dd72d65') in 0.020234 seconds
  Import took 0.024280 seconds .

========================================================================
Received Import Request.
  Time since last request: 0.000393 seconds.
  path: Assets/Prefabs/2.prefab
  artifactKey: Guid(cff60d5d07fc24dcaa4a7c6ffba9f112) Importer(815301076,1909f56bfc062723c751e8b465ee728b)
Start importing Assets/Prefabs/2.prefab using Guid(cff60d5d07fc24dcaa4a7c6ffba9f112) Importer(815301076,1909f56bfc062723c751e8b465ee728b)  -> (artifact id: 'e922feb1306c68bb554275ef1189683d') in 0.022196 seconds
  Import took 0.027076 seconds .

========================================================================
Received Import Request.
  Time since last request: 0.001273 seconds.
  path: Assets/Prefabs/3.prefab
  artifactKey: Guid(3ee91e6038b424da29329309dd9e854c) Importer(815301076,1909f56bfc062723c751e8b465ee728b)
Start importing Assets/Prefabs/3.prefab using Guid(3ee91e6038b424da29329309dd9e854c) Importer(815301076,1909f56bfc062723c751e8b465ee728b)  -> (artifact id: 'f0ffabe9113226446252328369c78275') in 0.022361 seconds
  Import took 0.027467 seconds .

========================================================================
Received Import Request.
  Time since last request: 0.000332 seconds.
  path: Assets/Prefabs/2.prefab
  artifactKey: Guid(cff60d5d07fc24dcaa4a7c6ffba9f112) Importer(815301076,1909f56bfc062723c751e8b465ee728b)
Start importing Assets/Prefabs/2.prefab using Guid(cff60d5d07fc24dcaa4a7c6ffba9f112) Importer(815301076,1909f56bfc062723c751e8b465ee728b)  -> (artifact id: 'e922feb1306c68bb554275ef1189683d') in 0.033360 seconds
  Import took 0.038732 seconds .

========================================================================
Received Import Request.
  Time since last request: 0.007739 seconds.
  path: Assets/Prefabs/3.prefab
  artifactKey: Guid(3ee91e6038b424da29329309dd9e854c) Importer(815301076,1909f56bfc062723c751e8b465ee728b)
Start importing Assets/Prefabs/3.prefab using Guid(3ee91e6038b424da29329309dd9e854c) Importer(815301076,1909f56bfc062723c751e8b465ee728b)  -> (artifact id: 'f0ffabe9113226446252328369c78275') in 0.017936 seconds
  Import took 0.023481 seconds .

========================================================================
Received Prepare
Registering precompiled user dll's ...
Registered in 0.000778 seconds.
Begin MonoManager ReloadAssembly
Native extension for OSXStandalone target not found
Refreshing native plugins compatible for Editor in 0.25 ms, found 1 plugins.
Preloading 0 native plugins for Editor in 0.00 ms.
Invoked RoslynAnalysisRunner static constructor.
RoslynAnalysisRunner will not be running.
RoslynAnalysisRunner has terminated.
Mono: successfully reloaded assembly
- Completed reload, in  1.561 seconds
Platform modules already initialized, skipping
Refreshing native plugins compatible for Editor in 0.32 ms, found 1 plugins.
Preloading 0 native plugins for Editor in 0.00 ms.
Unloading 1096 Unused Serialized files (Serialized files now loaded: 0)
System memory in use before: 144.6 MB.
System memory in use after: 144.7 MB.

Unloading 5 unused Assets to reduce memory usage. Loaded Objects now: 1627.
Total: 2.382363 ms (FindLiveObjects: 0.255850 ms CreateObjectMapping: 0.052763 ms MarkObjects: 1.998242 ms  DeleteObjects: 0.073318 ms)

========================================================================
Received Import Request.
  Time since last request: 126.703845 seconds.
  path: Assets/Scripts/Stone.cs
  artifactKey: Guid(8636aa6b582e0435ea91fea69ef91666) Importer(815301076,1909f56bfc062723c751e8b465ee728b)
Start importing Assets/Scripts/Stone.cs using Guid(8636aa6b582e0435ea91fea69ef91666) Importer(815301076,1909f56bfc062723c751e8b465ee728b)  -> (artifact id: '231ff8c60e5ee2fb62b7dbf64e8e46b3') in 0.017835 seconds
  Import took 0.023611 seconds .

========================================================================
Received Prepare
Registering precompiled user dll's ...
Registered in 0.000641 seconds.
Begin MonoManager ReloadAssembly
Native extension for OSXStandalone target not found
Refreshing native plugins compatible for Editor in 0.34 ms, found 1 plugins.
Preloading 0 native plugins for Editor in 0.00 ms.
Invoked RoslynAnalysisRunner static constructor.
RoslynAnalysisRunner will not be running.
RoslynAnalysisRunner has terminated.
Mono: successfully reloaded assembly
- Completed reload, in  1.566 seconds
Platform modules already initialized, skipping
Refreshing native plugins compatible for Editor in 0.32 ms, found 1 plugins.
Preloading 0 native plugins for Editor in 0.00 ms.
Unloading 1096 Unused Serialized files (Serialized files now loaded: 0)
System memory in use before: 144.8 MB.
System memory in use after: 144.9 MB.

Unloading 5 unused Assets to reduce memory usage. Loaded Objects now: 1629.
Total: 2.238425 ms (FindLiveObjects: 0.208507 ms CreateObjectMapping: 0.054926 ms MarkObjects: 1.914865 ms  DeleteObjects: 0.058288 ms)

========================================================================
Received Import Request.
  Time since last request: 73.268760 seconds.
  path: Assets/Scripts/Stone.cs
  artifactKey: Guid(8636aa6b582e0435ea91fea69ef91666) Importer(815301076,1909f56bfc062723c751e8b465ee728b)
Start importing Assets/Scripts/Stone.cs using Guid(8636aa6b582e0435ea91fea69ef91666) Importer(815301076,1909f56bfc062723c751e8b465ee728b)  -> (artifact id: 'd065ad8daad606a6500e7ff79851f128') in 0.010182 seconds
  Import took 0.015802 seconds .

========================================================================
Received Prepare
Registering precompiled user dll's ...
Registered in 0.001734 seconds.
Begin MonoManager ReloadAssembly
Native extension for OSXStandalone target not found
Refreshing native plugins compatible for Editor in 0.29 ms, found 1 plugins.
Preloading 0 native plugins for Editor in 0.00 ms.
Invoked RoslynAnalysisRunner static constructor.
RoslynAnalysisRunner will not be running.
RoslynAnalysisRunner has terminated.
Mono: successfully reloaded assembly
- Completed reload, in  1.548 seconds
Platform modules already initialized, skipping
Refreshing native plugins compatible for Editor in 0.25 ms, found 1 plugins.
Preloading 0 native plugins for Editor in 0.00 ms.
Unloading 1096 Unused Serialized files (Serialized files now loaded: 0)
System memory in use before: 145.1 MB.
System memory in use after: 145.2 MB.

Unloading 5 unused Assets to reduce memory usage. Loaded Objects now: 1631.
Total: 2.831520 ms (FindLiveObjects: 0.338034 ms CreateObjectMapping: 0.075700 ms MarkObjects: 2.348931 ms  DeleteObjects: 0.065318 ms)

========================================================================
Received Prepare
Registering precompiled user dll's ...
Registered in 0.000781 seconds.
Begin MonoManager ReloadAssembly
Native extension for OSXStandalone target not found
Refreshing native plugins compatible for Editor in 0.38 ms, found 1 plugins.
Preloading 0 native plugins for Editor in 0.00 ms.
Invoked RoslynAnalysisRunner static constructor.
RoslynAnalysisRunner will not be running.
RoslynAnalysisRunner has terminated.
Mono: successfully reloaded assembly
- Completed reload, in  1.670 seconds
Platform modules already initialized, skipping
Refreshing native plugins compatible for Editor in 0.25 ms, found 1 plugins.
Preloading 0 native plugins for Editor in 0.00 ms.
Unloading 1096 Unused Serialized files (Serialized files now loaded: 0)
System memory in use before: 145.1 MB.
System memory in use after: 145.2 MB.

Unloading 5 unused Assets to reduce memory usage. Loaded Objects now: 1633.
Total: 7.159328 ms (FindLiveObjects: 1.033741 ms CreateObjectMapping: 0.409117 ms MarkObjects: 5.621635 ms  DeleteObjects: 0.092415 ms)

========================================================================
Received Import Request.
  Time since last request: 104.091690 seconds.
  path: Assets/Prefabs/1.prefab
  artifactKey: Guid(af7650fbae9ff4c999255dac85edc253) Importer(815301076,1909f56bfc062723c751e8b465ee728b)
Start importing Assets/Prefabs/1.prefab using Guid(af7650fbae9ff4c999255dac85edc253) Importer(815301076,1909f56bfc062723c751e8b465ee728b)  -> (artifact id: '0c60ec771c205269a49c680924bff1e4') in 0.109975 seconds
  Import took 0.115610 seconds .

========================================================================
Received Import Request.
  Time since last request: 0.000599 seconds.
  path: Assets/Prefabs/2.prefab
  artifactKey: Guid(cff60d5d07fc24dcaa4a7c6ffba9f112) Importer(815301076,1909f56bfc062723c751e8b465ee728b)
Start importing Assets/Prefabs/2.prefab using Guid(cff60d5d07fc24dcaa4a7c6ffba9f112) Importer(815301076,1909f56bfc062723c751e8b465ee728b)  -> (artifact id: '67c18a13d64539410544e89d778ac2c0') in 0.033800 seconds
  Import took 0.038280 seconds .

========================================================================
Received Import Request.
  Time since last request: 0.000349 seconds.
  path: Assets/Prefabs/3.prefab
  artifactKey: Guid(3ee91e6038b424da29329309dd9e854c) Importer(815301076,1909f56bfc062723c751e8b465ee728b)
Start importing Assets/Prefabs/3.prefab using Guid(3ee91e6038b424da29329309dd9e854c) Importer(815301076,1909f56bfc062723c751e8b465ee728b)  -> (artifact id: 'a9cc7189560e9afb7c3bf0ae379f12fe') in 0.029997 seconds
  Import took 0.034408 seconds .

========================================================================
Received Prepare
Registering precompiled user dll's ...
Registered in 0.000781 seconds.
Begin MonoManager ReloadAssembly
Native extension for OSXStandalone target not found
Refreshing native plugins compatible for Editor in 0.36 ms, found 1 plugins.
Preloading 0 native plugins for Editor in 0.00 ms.
Invoked RoslynAnalysisRunner static constructor.
RoslynAnalysisRunner will not be running.
RoslynAnalysisRunner has terminated.
Mono: successfully reloaded assembly
- Completed reload, in  2.076 seconds
Platform modules already initialized, skipping
Refreshing native plugins compatible for Editor in 0.28 ms, found 1 plugins.
Preloading 0 native plugins for Editor in 0.00 ms.
Unloading 1096 Unused Serialized files (Serialized files now loaded: 0)
System memory in use before: 145.6 MB.
System memory in use after: 145.7 MB.

Unloading 5 unused Assets to reduce memory usage. Loaded Objects now: 1636.
Total: 5.424762 ms (FindLiveObjects: 0.926653 ms CreateObjectMapping: 0.122884 ms MarkObjects: 4.095616 ms  DeleteObjects: 0.269864 ms)

========================================================================
Received Prepare
Registering precompiled user dll's ...
Registered in 0.000689 seconds.
Begin MonoManager ReloadAssembly
Native extension for OSXStandalone target not found
Refreshing native plugins compatible for Editor in 0.34 ms, found 1 plugins.
Preloading 0 native plugins for Editor in 0.00 ms.
Invoked RoslynAnalysisRunner static constructor.
RoslynAnalysisRunner will not be running.
RoslynAnalysisRunner has terminated.
Mono: successfully reloaded assembly
- Completed reload, in  1.755 seconds
Platform modules already initialized, skipping
Refreshing native plugins compatible for Editor in 0.43 ms, found 1 plugins.
Preloading 0 native plugins for Editor in 0.00 ms.
Unloading 1096 Unused Serialized files (Serialized files now loaded: 0)
System memory in use before: 145.9 MB.
System memory in use after: 145.9 MB.

Unloading 5 unused Assets to reduce memory usage. Loaded Objects now: 1638.
Total: 3.084140 ms (FindLiveObjects: 0.398256 ms CreateObjectMapping: 0.145326 ms MarkObjects: 2.470988 ms  DeleteObjects: 0.066966 ms)

========================================================================
Received Prepare
Registering precompiled user dll's ...
Registered in 0.000629 seconds.
Begin MonoManager ReloadAssembly
Native extension for OSXStandalone target not found
Refreshing native plugins compatible for Editor in 0.26 ms, found 1 plugins.
Preloading 0 native plugins for Editor in 0.00 ms.
Invoked RoslynAnalysisRunner static constructor.
RoslynAnalysisRunner will not be running.
RoslynAnalysisRunner has terminated.
Mono: successfully reloaded assembly
- Completed reload, in  1.569 seconds
Platform modules already initialized, skipping
Refreshing native plugins compatible for Editor in 0.34 ms, found 1 plugins.
Preloading 0 native plugins for Editor in 0.00 ms.
Unloading 1096 Unused Serialized files (Serialized files now loaded: 0)
System memory in use before: 146.1 MB.
System memory in use after: 146.2 MB.

Unloading 5 unused Assets to reduce memory usage. Loaded Objects now: 1640.
Total: 2.853571 ms (FindLiveObjects: 0.318565 ms CreateObjectMapping: 0.074348 ms MarkObjects: 2.383942 ms  DeleteObjects: 0.072487 ms)

========================================================================
Received Prepare
Registering precompiled user dll's ...
Registered in 0.000629 seconds.
Begin MonoManager ReloadAssembly
Native extension for OSXStandalone target not found
Refreshing native plugins compatible for Editor in 0.34 ms, found 1 plugins.
Preloading 0 native plugins for Editor in 0.00 ms.
Invoked RoslynAnalysisRunner static constructor.
RoslynAnalysisRunner will not be running.
RoslynAnalysisRunner has terminated.
Mono: successfully reloaded assembly
- Completed reload, in  1.797 seconds
Platform modules already initialized, skipping
Refreshing native plugins compatible for Editor in 0.31 ms, found 1 plugins.
Preloading 0 native plugins for Editor in 0.00 ms.
Unloading 1096 Unused Serialized files (Serialized files now loaded: 0)
System memory in use before: 146.2 MB.
System memory in use after: 146.3 MB.

Unloading 5 unused Assets to reduce memory usage. Loaded Objects now: 1642.
Total: 2.660312 ms (FindLiveObjects: 0.458117 ms CreateObjectMapping: 0.106915 ms MarkObjects: 2.015135 ms  DeleteObjects: 0.077983 ms)

========================================================================
Received Prepare
Registering precompiled user dll's ...
Registered in 0.001230 seconds.
Begin MonoManager ReloadAssembly
Native extension for OSXStandalone target not found
Refreshing native plugins compatible for Editor in 0.24 ms, found 1 plugins.
Preloading 0 native plugins for Editor in 0.00 ms.
Invoked RoslynAnalysisRunner static constructor.
RoslynAnalysisRunner will not be running.
RoslynAnalysisRunner has terminated.
Mono: successfully reloaded assembly
- Completed reload, in  1.670 seconds
Platform modules already initialized, skipping
Refreshing native plugins compatible for Editor in 0.30 ms, found 1 plugins.
Preloading 0 native plugins for Editor in 0.00 ms.
Unloading 1096 Unused Serialized files (Serialized files now loaded: 0)
System memory in use before: 146.5 MB.
System memory in use after: 146.6 MB.

Unloading 5 unused Assets to reduce memory usage. Loaded Objects now: 1644.
Total: 4.721829 ms (FindLiveObjects: 1.317277 ms CreateObjectMapping: 0.178028 ms MarkObjects: 3.134520 ms  DeleteObjects: 0.087013 ms)

========================================================================
Received Prepare
Registering precompiled user dll's ...
Registered in 0.000692 seconds.
Begin MonoManager ReloadAssembly
Native extension for OSXStandalone target not found
Refreshing native plugins compatible for Editor in 0.29 ms, found 1 plugins.
Preloading 0 native plugins for Editor in 0.00 ms.
Invoked RoslynAnalysisRunner static constructor.
RoslynAnalysisRunner will not be running.
RoslynAnalysisRunner has terminated.
Mono: successfully reloaded assembly
- Completed reload, in  1.703 seconds
Platform modules already initialized, skipping
Refreshing native plugins compatible for Editor in 0.28 ms, found 1 plugins.
Preloading 0 native plugins for Editor in 0.00 ms.
Unloading 1096 Unused Serialized files (Serialized files now loaded: 0)
System memory in use before: 146.8 MB.
System memory in use after: 146.8 MB.

Unloading 5 unused Assets to reduce memory usage. Loaded Objects now: 1646.
Total: 6.533215 ms (FindLiveObjects: 1.738753 ms CreateObjectMapping: 0.289521 ms MarkObjects: 4.438033 ms  DeleteObjects: 0.061308 ms)

========================================================================
Received Prepare
Registering precompiled user dll's ...
Registered in 0.000627 seconds.
Begin MonoManager ReloadAssembly
Native extension for OSXStandalone target not found
Refreshing native plugins compatible for Editor in 0.86 ms, found 1 plugins.
Preloading 0 native plugins for Editor in 0.00 ms.
Invoked RoslynAnalysisRunner static constructor.
RoslynAnalysisRunner will not be running.
RoslynAnalysisRunner has terminated.
Mono: successfully reloaded assembly
- Completed reload, in  1.555 seconds
Platform modules already initialized, skipping
Refreshing native plugins compatible for Editor in 0.35 ms, found 1 plugins.
Preloading 0 native plugins for Editor in 0.00 ms.
Unloading 1096 Unused Serialized files (Serialized files now loaded: 0)
System memory in use before: 147.0 MB.
System memory in use after: 147.0 MB.

Unloading 5 unused Assets to reduce memory usage. Loaded Objects now: 1648.
Total: 2.263027 ms (FindLiveObjects: 0.255661 ms CreateObjectMapping: 0.056487 ms MarkObjects: 1.885891 ms  DeleteObjects: 0.061250 ms)

========================================================================
Received Prepare
Registering precompiled user dll's ...
Registered in 0.000615 seconds.
Begin MonoManager ReloadAssembly
Native extension for OSXStandalone target not found
Refreshing native plugins compatible for Editor in 0.35 ms, found 1 plugins.
Preloading 0 native plugins for Editor in 0.00 ms.
Invoked RoslynAnalysisRunner static constructor.
RoslynAnalysisRunner will not be running.
RoslynAnalysisRunner has terminated.
Mono: successfully reloaded assembly
- Completed reload, in  1.524 seconds
Platform modules already initialized, skipping
Refreshing native plugins compatible for Editor in 0.46 ms, found 1 plugins.
Preloading 0 native plugins for Editor in 0.00 ms.
Unloading 1096 Unused Serialized files (Serialized files now loaded: 0)
System memory in use before: 147.2 MB.
System memory in use after: 147.3 MB.

Unloading 5 unused Assets to reduce memory usage. Loaded Objects now: 1650.
Total: 6.144062 ms (FindLiveObjects: 0.374835 ms CreateObjectMapping: 0.104365 ms MarkObjects: 5.587270 ms  DeleteObjects: 0.075461 ms)

========================================================================
Received Import Request.
  Time since last request: 224.372430 seconds.
  path: Assets/Prefabs/1.prefab
  artifactKey: Guid(af7650fbae9ff4c999255dac85edc253) Importer(815301076,1909f56bfc062723c751e8b465ee728b)
Start importing Assets/Prefabs/1.prefab using Guid(af7650fbae9ff4c999255dac85edc253) Importer(815301076,1909f56bfc062723c751e8b465ee728b)  -> (artifact id: 'f3b28a4bc71bcf1512aaf7e30202ab88') in 0.138380 seconds
  Import took 0.143418 seconds .

========================================================================
Received Import Request.
  Time since last request: 0.000651 seconds.
  path: Assets/Prefabs/2.prefab
  artifactKey: Guid(cff60d5d07fc24dcaa4a7c6ffba9f112) Importer(815301076,1909f56bfc062723c751e8b465ee728b)
Start importing Assets/Prefabs/2.prefab using Guid(cff60d5d07fc24dcaa4a7c6ffba9f112) Importer(815301076,1909f56bfc062723c751e8b465ee728b)  -> (artifact id: '4efe702ee7b2e0c70dd4c7f2f7e9f14b') in 0.024354 seconds
  Import took 0.032406 seconds .

========================================================================
Received Import Request.
  Time since last request: 0.000386 seconds.
  path: Assets/Prefabs/3.prefab
  artifactKey: Guid(3ee91e6038b424da29329309dd9e854c) Importer(815301076,1909f56bfc062723c751e8b465ee728b)
Start importing Assets/Prefabs/3.prefab using Guid(3ee91e6038b424da29329309dd9e854c) Importer(815301076,1909f56bfc062723c751e8b465ee728b)  -> (artifact id: '6e07ff617e914480f842bdbb0f820cd8') in 0.019747 seconds
  Import took 0.025300 seconds .

========================================================================
Received Import Request.
  Time since last request: 21.785708 seconds.
  path: Assets/Prefabs/1.prefab
  artifactKey: Guid(af7650fbae9ff4c999255dac85edc253) Importer(815301076,1909f56bfc062723c751e8b465ee728b)
Start importing Assets/Prefabs/1.prefab using Guid(af7650fbae9ff4c999255dac85edc253) Importer(815301076,1909f56bfc062723c751e8b465ee728b)  -> (artifact id: '56e5189cb35df2d6da1f9a217235f94b') in 0.018061 seconds
  Import took 0.022834 seconds .

========================================================================
Received Import Request.
  Time since last request: 0.037796 seconds.
  path: Assets/Prefabs/1.prefab
  artifactKey: Guid(af7650fbae9ff4c999255dac85edc253) Importer(815301076,1909f56bfc062723c751e8b465ee728b)
Start importing Assets/Prefabs/1.prefab using Guid(af7650fbae9ff4c999255dac85edc253) Importer(815301076,1909f56bfc062723c751e8b465ee728b)  -> (artifact id: '56e5189cb35df2d6da1f9a217235f94b') in 0.018966 seconds
  Import took 0.022495 seconds .

========================================================================
Received Import Request.
  Time since last request: 0.000313 seconds.
  path: Assets/Prefabs/2.prefab
  artifactKey: Guid(cff60d5d07fc24dcaa4a7c6ffba9f112) Importer(815301076,1909f56bfc062723c751e8b465ee728b)
Start importing Assets/Prefabs/2.prefab using Guid(cff60d5d07fc24dcaa4a7c6ffba9f112) Importer(815301076,1909f56bfc062723c751e8b465ee728b)  -> (artifact id: '69bf3007f29f5c1b2f348ad12a463ed7') in 0.021455 seconds
  Import took 0.026406 seconds .

========================================================================
Received Import Request.
  Time since last request: 0.000475 seconds.
  path: Assets/Prefabs/3.prefab
  artifactKey: Guid(3ee91e6038b424da29329309dd9e854c) Importer(815301076,1909f56bfc062723c751e8b465ee728b)
Start importing Assets/Prefabs/3.prefab using Guid(3ee91e6038b424da29329309dd9e854c) Importer(815301076,1909f56bfc062723c751e8b465ee728b)  -> (artifact id: 'f322567aeb2ae9167859599266618b25') in 0.020351 seconds
  Import took 0.023780 seconds .

========================================================================
Received Import Request.
  Time since last request: 0.035101 seconds.
  path: Assets/Prefabs/2.prefab
  artifactKey: Guid(cff60d5d07fc24dcaa4a7c6ffba9f112) Importer(815301076,1909f56bfc062723c751e8b465ee728b)
Start importing Assets/Prefabs/2.prefab using Guid(cff60d5d07fc24dcaa4a7c6ffba9f112) Importer(815301076,1909f56bfc062723c751e8b465ee728b)  -> (artifact id: '69bf3007f29f5c1b2f348ad12a463ed7') in 0.021949 seconds
  Import took 0.026996 seconds .

========================================================================
Received Import Request.
  Time since last request: 22.402775 seconds.
  path: Assets/Prefabs/1.prefab
  artifactKey: Guid(af7650fbae9ff4c999255dac85edc253) Importer(815301076,1909f56bfc062723c751e8b465ee728b)
Start importing Assets/Prefabs/1.prefab using Guid(af7650fbae9ff4c999255dac85edc253) Importer(815301076,1909f56bfc062723c751e8b465ee728b)  -> (artifact id: '323e38fcc5b5e1e5b1455440e941cf3b') in 0.042642 seconds
  Import took 0.050095 seconds .

========================================================================
Received Import Request.
  Time since last request: 0.009051 seconds.
  path: Assets/Prefabs/1.prefab
  artifactKey: Guid(af7650fbae9ff4c999255dac85edc253) Importer(815301076,1909f56bfc062723c751e8b465ee728b)
Start importing Assets/Prefabs/1.prefab using Guid(af7650fbae9ff4c999255dac85edc253) Importer(815301076,1909f56bfc062723c751e8b465ee728b)  -> (artifact id: '323e38fcc5b5e1e5b1455440e941cf3b') in 0.021648 seconds
  Import took 0.025458 seconds .

========================================================================
Received Import Request.
  Time since last request: 0.000320 seconds.
  path: Assets/Prefabs/2.prefab
  artifactKey: Guid(cff60d5d07fc24dcaa4a7c6ffba9f112) Importer(815301076,1909f56bfc062723c751e8b465ee728b)
Start importing Assets/Prefabs/2.prefab using Guid(cff60d5d07fc24dcaa4a7c6ffba9f112) Importer(815301076,1909f56bfc062723c751e8b465ee728b)  -> (artifact id: 'e198210a90985405f8750f64882c8ccd') in 0.016629 seconds
  Import took 0.021458 seconds .

========================================================================
Received Import Request.
  Time since last request: 0.000452 seconds.
  path: Assets/Prefabs/3.prefab
  artifactKey: Guid(3ee91e6038b424da29329309dd9e854c) Importer(815301076,1909f56bfc062723c751e8b465ee728b)
Start importing Assets/Prefabs/3.prefab using Guid(3ee91e6038b424da29329309dd9e854c) Importer(815301076,1909f56bfc062723c751e8b465ee728b)  -> (artifact id: '3da2c3c4e9fced97c6a8d476d9172b35') in 0.027724 seconds
  Import took 0.032005 seconds .

========================================================================
Received Import Request.
  Time since last request: 0.000315 seconds.
  path: Assets/Prefabs/2.prefab
  artifactKey: Guid(cff60d5d07fc24dcaa4a7c6ffba9f112) Importer(815301076,1909f56bfc062723c751e8b465ee728b)
Start importing Assets/Prefabs/2.prefab using Guid(cff60d5d07fc24dcaa4a7c6ffba9f112) Importer(815301076,1909f56bfc062723c751e8b465ee728b)  -> (artifact id: 'e198210a90985405f8750f64882c8ccd') in 0.022607 seconds
  Import took 0.027465 seconds .

========================================================================
Received Import Request.
  Time since last request: 0.025147 seconds.
  path: Assets/Prefabs/3.prefab
  artifactKey: Guid(3ee91e6038b424da29329309dd9e854c) Importer(815301076,1909f56bfc062723c751e8b465ee728b)
Start importing Assets/Prefabs/3.prefab using Guid(3ee91e6038b424da29329309dd9e854c) Importer(815301076,1909f56bfc062723c751e8b465ee728b)  -> (artifact id: '3da2c3c4e9fced97c6a8d476d9172b35') in 0.019203 seconds
  Import took 0.023986 seconds .

========================================================================
Received Prepare
Registering precompiled user dll's ...
Registered in 0.000715 seconds.
Begin MonoManager ReloadAssembly
Native extension for OSXStandalone target not found
Refreshing native plugins compatible for Editor in 0.47 ms, found 1 plugins.
Preloading 0 native plugins for Editor in 0.00 ms.
Invoked RoslynAnalysisRunner static constructor.
RoslynAnalysisRunner will not be running.
RoslynAnalysisRunner has terminated.
Mono: successfully reloaded assembly
- Completed reload, in  2.497 seconds
Platform modules already initialized, skipping
Refreshing native plugins compatible for Editor in 0.31 ms, found 1 plugins.
Preloading 0 native plugins for Editor in 0.00 ms.
Unloading 1096 Unused Serialized files (Serialized files now loaded: 0)
System memory in use before: 147.7 MB.
System memory in use after: 147.8 MB.

Unloading 5 unused Assets to reduce memory usage. Loaded Objects now: 1653.
Total: 2.355459 ms (FindLiveObjects: 0.369165 ms CreateObjectMapping: 0.086558 ms MarkObjects: 1.831397 ms  DeleteObjects: 0.066249 ms)

========================================================================
Received Prepare
Registering precompiled user dll's ...
Registered in 0.000706 seconds.
Begin MonoManager ReloadAssembly
Native extension for OSXStandalone target not found
Refreshing native plugins compatible for Editor in 0.31 ms, found 1 plugins.
Preloading 0 native plugins for Editor in 0.00 ms.
Invoked RoslynAnalysisRunner static constructor.
RoslynAnalysisRunner will not be running.
RoslynAnalysisRunner has terminated.
Mono: successfully reloaded assembly
- Completed reload, in  2.241 seconds
Platform modules already initialized, skipping
Refreshing native plugins compatible for Editor in 1.29 ms, found 1 plugins.
Preloading 0 native plugins for Editor in 0.00 ms.
Unloading 1096 Unused Serialized files (Serialized files now loaded: 0)
System memory in use before: 147.9 MB.
System memory in use after: 148.0 MB.

Unloading 5 unused Assets to reduce memory usage. Loaded Objects now: 1655.
Total: 4.671974 ms (FindLiveObjects: 0.495250 ms CreateObjectMapping: 0.152146 ms MarkObjects: 3.911409 ms  DeleteObjects: 0.110624 ms)

========================================================================
Received Import Request.
  Time since last request: 379.109850 seconds.
  path: Assets/Prefabs/1.prefab
  artifactKey: Guid(af7650fbae9ff4c999255dac85edc253) Importer(815301076,1909f56bfc062723c751e8b465ee728b)
Start importing Assets/Prefabs/1.prefab using Guid(af7650fbae9ff4c999255dac85edc253) Importer(815301076,1909f56bfc062723c751e8b465ee728b)  -> (artifact id: 'dd8507a8db029b7109edbac50fee4921') in 0.207574 seconds
  Import took 0.214544 seconds .

========================================================================
Received Prepare
Registering precompiled user dll's ...
Registered in 0.000940 seconds.
Begin MonoManager ReloadAssembly
Native extension for OSXStandalone target not found
Refreshing native plugins compatible for Editor in 0.26 ms, found 1 plugins.
Preloading 0 native plugins for Editor in 0.00 ms.
Invoked RoslynAnalysisRunner static constructor.
RoslynAnalysisRunner will not be running.
RoslynAnalysisRunner has terminated.
Mono: successfully reloaded assembly
- Completed reload, in  2.058 seconds
Platform modules already initialized, skipping
Refreshing native plugins compatible for Editor in 0.52 ms, found 1 plugins.
Preloading 0 native plugins for Editor in 0.00 ms.
Unloading 1096 Unused Serialized files (Serialized files now loaded: 0)
System memory in use before: 148.2 MB.
System memory in use after: 148.2 MB.

Unloading 5 unused Assets to reduce memory usage. Loaded Objects now: 1658.
Total: 2.372985 ms (FindLiveObjects: 0.298054 ms CreateObjectMapping: 0.052792 ms MarkObjects: 1.950995 ms  DeleteObjects: 0.069170 ms)

========================================================================
Received Import Request.
  Time since last request: 105.678658 seconds.
  path: Assets/Prefabs/2.prefab
  artifactKey: Guid(cff60d5d07fc24dcaa4a7c6ffba9f112) Importer(815301076,1909f56bfc062723c751e8b465ee728b)
Start importing Assets/Prefabs/2.prefab using Guid(cff60d5d07fc24dcaa4a7c6ffba9f112) Importer(815301076,1909f56bfc062723c751e8b465ee728b)  -> (artifact id: 'fc9f2fa86c0ee01349a720cb9e902efb') in 0.121912 seconds
  Import took 0.127394 seconds .

========================================================================
Received Import Request.
  Time since last request: 0.000502 seconds.
  path: Assets/Prefabs/3.prefab
  artifactKey: Guid(3ee91e6038b424da29329309dd9e854c) Importer(815301076,1909f56bfc062723c751e8b465ee728b)
Start importing Assets/Prefabs/3.prefab using Guid(3ee91e6038b424da29329309dd9e854c) Importer(815301076,1909f56bfc062723c751e8b465ee728b)  -> (artifact id: '714d72c504714f0d8a9a55810dffa0e3') in 0.021120 seconds
  Import took 0.026318 seconds .

========================================================================
Received Prepare
Registering precompiled user dll's ...
Registered in 0.004860 seconds.
Begin MonoManager ReloadAssembly
Native extension for OSXStandalone target not found
Refreshing native plugins compatible for Editor in 0.26 ms, found 1 plugins.
Preloading 0 native plugins for Editor in 0.00 ms.
Invoked RoslynAnalysisRunner static constructor.
RoslynAnalysisRunner will not be running.
RoslynAnalysisRunner has terminated.
Mono: successfully reloaded assembly
- Completed reload, in  2.019 seconds
Platform modules already initialized, skipping
Refreshing native plugins compatible for Editor in 0.28 ms, found 1 plugins.
Preloading 0 native plugins for Editor in 0.00 ms.
Unloading 1096 Unused Serialized files (Serialized files now loaded: 0)
System memory in use before: 148.5 MB.
System memory in use after: 148.5 MB.

Unloading 5 unused Assets to reduce memory usage. Loaded Objects now: 1661.
Total: 2.246843 ms (FindLiveObjects: 0.277379 ms CreateObjectMapping: 0.041873 ms MarkObjects: 1.862119 ms  DeleteObjects: 0.061572 ms)

========================================================================
Received Import Request.
  Time since last request: 140.013189 seconds.
  path: Assets/Sounds/zapsplat_cartoon_pop_high_pitched_001_64720.mp3
  artifactKey: Guid(edf7c1008e756426c8405a5d8f5b679c) Importer(815301076,1909f56bfc062723c751e8b465ee728b)
Start importing Assets/Sounds/zapsplat_cartoon_pop_high_pitched_001_64720.mp3 using Guid(edf7c1008e756426c8405a5d8f5b679c) Importer(815301076,1909f56bfc062723c751e8b465ee728b)  -> (artifact id: '7b219ccfdb22018057840ffe9b06d920') in 0.108972 seconds
  Import took 0.120565 seconds .

========================================================================
Received Import Request.
  Time since last request: 27.927519 seconds.
  path: Assets/Prefabs/1.prefab
  artifactKey: Guid(af7650fbae9ff4c999255dac85edc253) Importer(815301076,1909f56bfc062723c751e8b465ee728b)
Start importing Assets/Prefabs/1.prefab using Guid(af7650fbae9ff4c999255dac85edc253) Importer(815301076,1909f56bfc062723c751e8b465ee728b)  -> (artifact id: '1614efdd47c51328067e17cb9a5753c9') in 0.084320 seconds
  Import took 0.089367 seconds .

========================================================================
Received Import Request.
  Time since last request: 7.035576 seconds.
  path: Assets/Prefabs/1.prefab
  artifactKey: Guid(af7650fbae9ff4c999255dac85edc253) Importer(815301076,1909f56bfc062723c751e8b465ee728b)
Start importing Assets/Prefabs/1.prefab using Guid(af7650fbae9ff4c999255dac85edc253) Importer(815301076,1909f56bfc062723c751e8b465ee728b)  -> (artifact id: '207eaa18ac7cc213df120e6deebc079d') in 0.027266 seconds
  Import took 0.032931 seconds .

========================================================================
Received Prepare
Registering precompiled user dll's ...
Registered in 0.000792 seconds.
Begin MonoManager ReloadAssembly
Native extension for OSXStandalone target not found
Refreshing native plugins compatible for Editor in 0.32 ms, found 1 plugins.
Preloading 0 native plugins for Editor in 0.00 ms.
Invoked RoslynAnalysisRunner static constructor.
RoslynAnalysisRunner will not be running.
RoslynAnalysisRunner has terminated.
Mono: successfully reloaded assembly
- Completed reload, in  1.531 seconds
Platform modules already initialized, skipping
Refreshing native plugins compatible for Editor in 0.33 ms, found 1 plugins.
Preloading 0 native plugins for Editor in 0.00 ms.
Unloading 1096 Unused Serialized files (Serialized files now loaded: 0)
System memory in use before: 148.6 MB.
System memory in use after: 148.7 MB.

Unloading 5 unused Assets to reduce memory usage. Loaded Objects now: 1664.
Total: 3.421345 ms (FindLiveObjects: 0.257720 ms CreateObjectMapping: 0.065240 ms MarkObjects: 3.021430 ms  DeleteObjects: 0.072930 ms)

========================================================================
Received Import Request.
  Time since last request: 152.928530 seconds.
  path: Assets/Prefabs/1.prefab
  artifactKey: Guid(af7650fbae9ff4c999255dac85edc253) Importer(815301076,1909f56bfc062723c751e8b465ee728b)
Start importing Assets/Prefabs/1.prefab using Guid(af7650fbae9ff4c999255dac85edc253) Importer(815301076,1909f56bfc062723c751e8b465ee728b)  -> (artifact id: '9f820b8a6d9ca5071335b90edcc854d6') in 0.104436 seconds
  Import took 0.110042 seconds .

========================================================================
Received Import Request.
  Time since last request: 10.922134 seconds.
  path: Assets/Prefabs/1.prefab
  artifactKey: Guid(af7650fbae9ff4c999255dac85edc253) Importer(815301076,1909f56bfc062723c751e8b465ee728b)
Start importing Assets/Prefabs/1.prefab using Guid(af7650fbae9ff4c999255dac85edc253) Importer(815301076,1909f56bfc062723c751e8b465ee728b)  -> (artifact id: '7175ddb1ecafe894fcded8d8baff6948') in 0.017249 seconds
  Import took 0.020780 seconds .

========================================================================
Received Import Request.
  Time since last request: 4.788210 seconds.
  path: Assets/Prefabs/1.prefab
  artifactKey: Guid(af7650fbae9ff4c999255dac85edc253) Importer(815301076,1909f56bfc062723c751e8b465ee728b)
Start importing Assets/Prefabs/1.prefab using Guid(af7650fbae9ff4c999255dac85edc253) Importer(815301076,1909f56bfc062723c751e8b465ee728b)  -> (artifact id: '4ba6411e541801f90a7548c9bd96039a') in 0.019904 seconds
  Import took 0.023448 seconds .

========================================================================
Received Import Request.
  Time since last request: 4.456038 seconds.
  path: Assets/Prefabs/1.prefab
  artifactKey: Guid(af7650fbae9ff4c999255dac85edc253) Importer(815301076,1909f56bfc062723c751e8b465ee728b)
Start importing Assets/Prefabs/1.prefab using Guid(af7650fbae9ff4c999255dac85edc253) Importer(815301076,1909f56bfc062723c751e8b465ee728b)  -> (artifact id: '681caeb531617351f70ca0b23ce8d95b') in 0.023894 seconds
  Import took 0.028844 seconds .

========================================================================
Received Import Request.
  Time since last request: 2.057875 seconds.
  path: Assets/Prefabs/1.prefab
  artifactKey: Guid(af7650fbae9ff4c999255dac85edc253) Importer(815301076,1909f56bfc062723c751e8b465ee728b)
Start importing Assets/Prefabs/1.prefab using Guid(af7650fbae9ff4c999255dac85edc253) Importer(815301076,1909f56bfc062723c751e8b465ee728b)  -> (artifact id: '9f6a96e030483c05b48d3a48793e0f89') in 0.018842 seconds
  Import took 0.022508 seconds .

========================================================================
Received Prepare
Registering precompiled user dll's ...
Registered in 0.000685 seconds.
Begin MonoManager ReloadAssembly
Native extension for OSXStandalone target not found
Refreshing native plugins compatible for Editor in 0.26 ms, found 1 plugins.
Preloading 0 native plugins for Editor in 0.00 ms.
Invoked RoslynAnalysisRunner static constructor.
RoslynAnalysisRunner will not be running.
RoslynAnalysisRunner has terminated.
Mono: successfully reloaded assembly
- Completed reload, in  1.555 seconds
Platform modules already initialized, skipping
Refreshing native plugins compatible for Editor in 0.28 ms, found 1 plugins.
Preloading 0 native plugins for Editor in 0.00 ms.
Unloading 1096 Unused Serialized files (Serialized files now loaded: 0)
System memory in use before: 149.1 MB.
System memory in use after: 149.1 MB.

Unloading 5 unused Assets to reduce memory usage. Loaded Objects now: 1667.
Total: 2.414128 ms (FindLiveObjects: 0.279307 ms CreateObjectMapping: 0.109319 ms MarkObjects: 1.957272 ms  DeleteObjects: 0.065270 ms)

========================================================================
Received Prepare
Registering precompiled user dll's ...
Registered in 0.002490 seconds.
Begin MonoManager ReloadAssembly
Native extension for OSXStandalone target not found
Refreshing native plugins compatible for Editor in 0.28 ms, found 1 plugins.
Preloading 0 native plugins for Editor in 0.00 ms.
Invoked RoslynAnalysisRunner static constructor.
RoslynAnalysisRunner will not be running.
RoslynAnalysisRunner has terminated.
Mono: successfully reloaded assembly
- Completed reload, in  1.492 seconds
Platform modules already initialized, skipping
Refreshing native plugins compatible for Editor in 0.33 ms, found 1 plugins.
Preloading 0 native plugins for Editor in 0.00 ms.
Unloading 1096 Unused Serialized files (Serialized files now loaded: 0)
System memory in use before: 149.3 MB.
System memory in use after: 149.4 MB.

Unloading 5 unused Assets to reduce memory usage. Loaded Objects now: 1669.
Total: 3.380715 ms (FindLiveObjects: 0.268045 ms CreateObjectMapping: 0.065413 ms MarkObjects: 2.956981 ms  DeleteObjects: 0.085640 ms)

========================================================================
Received Import Request.
  Time since last request: 179.004756 seconds.
  path: Assets/Prefabs/1.prefab
  artifactKey: Guid(af7650fbae9ff4c999255dac85edc253) Importer(815301076,1909f56bfc062723c751e8b465ee728b)
Start importing Assets/Prefabs/1.prefab using Guid(af7650fbae9ff4c999255dac85edc253) Importer(815301076,1909f56bfc062723c751e8b465ee728b)  -> (artifact id: '864ec043d5fad79546479482f9b5faf3') in 0.139041 seconds
  Import took 0.144038 seconds .

========================================================================
Received Import Request.
  Time since last request: 24.495952 seconds.
  path: Assets/Prefabs/2.prefab
  artifactKey: Guid(cff60d5d07fc24dcaa4a7c6ffba9f112) Importer(815301076,1909f56bfc062723c751e8b465ee728b)
Start importing Assets/Prefabs/2.prefab using Guid(cff60d5d07fc24dcaa4a7c6ffba9f112) Importer(815301076,1909f56bfc062723c751e8b465ee728b)  -> (artifact id: '8fb8e46fe96d751482f29dbdd24967fb') in 0.022381 seconds
  Import took 0.028306 seconds .

========================================================================
Received Import Request.
  Time since last request: 0.000456 seconds.
  path: Assets/Prefabs/3.prefab
  artifactKey: Guid(3ee91e6038b424da29329309dd9e854c) Importer(815301076,1909f56bfc062723c751e8b465ee728b)
Start importing Assets/Prefabs/3.prefab using Guid(3ee91e6038b424da29329309dd9e854c) Importer(815301076,1909f56bfc062723c751e8b465ee728b)  -> (artifact id: '836b93e5a5f28e58c0f9ea72b68785b8') in 0.023428 seconds
  Import took 0.029063 seconds .

========================================================================
Received Prepare
Registering precompiled user dll's ...
Registered in 0.001595 seconds.
Begin MonoManager ReloadAssembly
Native extension for OSXStandalone target not found
Refreshing native plugins compatible for Editor in 0.44 ms, found 1 plugins.
Preloading 0 native plugins for Editor in 0.00 ms.
Invoked RoslynAnalysisRunner static constructor.
RoslynAnalysisRunner will not be running.
RoslynAnalysisRunner has terminated.
Mono: successfully reloaded assembly
- Completed reload, in  2.506 seconds
Platform modules already initialized, skipping
Refreshing native plugins compatible for Editor in 0.47 ms, found 1 plugins.
Preloading 0 native plugins for Editor in 0.00 ms.
Unloading 1096 Unused Serialized files (Serialized files now loaded: 0)
System memory in use before: 149.7 MB.
System memory in use after: 149.7 MB.

Unloading 5 unused Assets to reduce memory usage. Loaded Objects now: 1672.
Total: 2.146747 ms (FindLiveObjects: 0.190661 ms CreateObjectMapping: 0.049875 ms MarkObjects: 1.835549 ms  DeleteObjects: 0.068915 ms)

========================================================================
Received Import Request.
  Time since last request: 45.241657 seconds.
  path: Assets/Prefabs/3.prefab
  artifactKey: Guid(3ee91e6038b424da29329309dd9e854c) Importer(815301076,1909f56bfc062723c751e8b465ee728b)
Start importing Assets/Prefabs/3.prefab using Guid(3ee91e6038b424da29329309dd9e854c) Importer(815301076,1909f56bfc062723c751e8b465ee728b)  -> (artifact id: '76aed7f65a63db0ac8761edbfe9b5f2a') in 0.180894 seconds
  Import took 0.184497 seconds .

========================================================================
Received Prepare
Registering precompiled user dll's ...
Registered in 0.001228 seconds.
Begin MonoManager ReloadAssembly
Native extension for OSXStandalone target not found
Refreshing native plugins compatible for Editor in 0.26 ms, found 1 plugins.
Preloading 0 native plugins for Editor in 0.00 ms.
Invoked RoslynAnalysisRunner static constructor.
RoslynAnalysisRunner will not be running.
RoslynAnalysisRunner has terminated.
Mono: successfully reloaded assembly
- Completed reload, in  1.972 seconds
Platform modules already initialized, skipping
Refreshing native plugins compatible for Editor in 0.27 ms, found 1 plugins.
Preloading 0 native plugins for Editor in 0.00 ms.
Unloading 1096 Unused Serialized files (Serialized files now loaded: 0)
System memory in use before: 149.8 MB.
System memory in use after: 149.9 MB.

Unloading 5 unused Assets to reduce memory usage. Loaded Objects now: 1675.
Total: 3.311623 ms (FindLiveObjects: 0.309845 ms CreateObjectMapping: 0.070598 ms MarkObjects: 2.840532 ms  DeleteObjects: 0.088032 ms)

========================================================================
Received Prepare
Registering precompiled user dll's ...
Registered in 0.000658 seconds.
Begin MonoManager ReloadAssembly
Native extension for OSXStandalone target not found
Refreshing native plugins compatible for Editor in 0.32 ms, found 1 plugins.
Preloading 0 native plugins for Editor in 0.00 ms.
Invoked RoslynAnalysisRunner static constructor.
RoslynAnalysisRunner will not be running.
RoslynAnalysisRunner has terminated.
Mono: successfully reloaded assembly
- Completed reload, in  1.814 seconds
Platform modules already initialized, skipping
Refreshing native plugins compatible for Editor in 0.33 ms, found 1 plugins.
Preloading 0 native plugins for Editor in 0.00 ms.
Unloading 1096 Unused Serialized files (Serialized files now loaded: 0)
System memory in use before: 150.1 MB.
System memory in use after: 150.2 MB.

Unloading 5 unused Assets to reduce memory usage. Loaded Objects now: 1677.
Total: 5.399643 ms (FindLiveObjects: 0.424920 ms CreateObjectMapping: 0.098201 ms MarkObjects: 4.768470 ms  DeleteObjects: 0.106012 ms)

========================================================================
Received Import Request.
  Time since last request: 134.337270 seconds.
  path: Assets/Prefabs/1.prefab
  artifactKey: Guid(af7650fbae9ff4c999255dac85edc253) Importer(815301076,1909f56bfc062723c751e8b465ee728b)
Start importing Assets/Prefabs/1.prefab using Guid(af7650fbae9ff4c999255dac85edc253) Importer(815301076,1909f56bfc062723c751e8b465ee728b)  -> (artifact id: '84ba865954df57a9d603a85a11002612') in 0.254627 seconds
  Import took 0.260800 seconds .

========================================================================
Received Import Request.
  Time since last request: 0.000367 seconds.
  path: Assets/Prefabs/2.prefab
  artifactKey: Guid(cff60d5d07fc24dcaa4a7c6ffba9f112) Importer(815301076,1909f56bfc062723c751e8b465ee728b)
Start importing Assets/Prefabs/2.prefab using Guid(cff60d5d07fc24dcaa4a7c6ffba9f112) Importer(815301076,1909f56bfc062723c751e8b465ee728b)  -> (artifact id: 'ac97630ec9cf4c7f31e053aea2e5a113') in 0.046836 seconds
  Import took 0.053403 seconds .

========================================================================
Received Import Request.
  Time since last request: 0.000303 seconds.
  path: Assets/Prefabs/3.prefab
  artifactKey: Guid(3ee91e6038b424da29329309dd9e854c) Importer(815301076,1909f56bfc062723c751e8b465ee728b)
Start importing Assets/Prefabs/3.prefab using Guid(3ee91e6038b424da29329309dd9e854c) Importer(815301076,1909f56bfc062723c751e8b465ee728b)  -> (artifact id: '0b235480047a49a57dc92102af2b6a08') in 0.035373 seconds
  Import took 0.040820 seconds .

========================================================================
Received Import Request.
  Time since last request: 20.365289 seconds.
  path: Assets/Prefabs/1.prefab
  artifactKey: Guid(af7650fbae9ff4c999255dac85edc253) Importer(815301076,1909f56bfc062723c751e8b465ee728b)
Start importing Assets/Prefabs/1.prefab using Guid(af7650fbae9ff4c999255dac85edc253) Importer(815301076,1909f56bfc062723c751e8b465ee728b)  -> (artifact id: 'b469364fac5c1d1e731a79b7040566cc') in 0.025239 seconds
  Import took 0.029616 seconds .

========================================================================
Received Import Request.
  Time since last request: 0.036153 seconds.
  path: Assets/Prefabs/1.prefab
  artifactKey: Guid(af7650fbae9ff4c999255dac85edc253) Importer(815301076,1909f56bfc062723c751e8b465ee728b)
Start importing Assets/Prefabs/1.prefab using Guid(af7650fbae9ff4c999255dac85edc253) Importer(815301076,1909f56bfc062723c751e8b465ee728b)  -> (artifact id: 'b469364fac5c1d1e731a79b7040566cc') in 0.023550 seconds
  Import took 0.026866 seconds .

========================================================================
Received Import Request.
  Time since last request: 0.000348 seconds.
  path: Assets/Prefabs/2.prefab
  artifactKey: Guid(cff60d5d07fc24dcaa4a7c6ffba9f112) Importer(815301076,1909f56bfc062723c751e8b465ee728b)
Start importing Assets/Prefabs/2.prefab using Guid(cff60d5d07fc24dcaa4a7c6ffba9f112) Importer(815301076,1909f56bfc062723c751e8b465ee728b)  -> (artifact id: '5373cc4d7af880dbb59c717670f622a6') in 0.018887 seconds
  Import took 0.024302 seconds .

========================================================================
Received Import Request.
  Time since last request: 0.000431 seconds.
  path: Assets/Prefabs/3.prefab
  artifactKey: Guid(3ee91e6038b424da29329309dd9e854c) Importer(815301076,1909f56bfc062723c751e8b465ee728b)
Start importing Assets/Prefabs/3.prefab using Guid(3ee91e6038b424da29329309dd9e854c) Importer(815301076,1909f56bfc062723c751e8b465ee728b)  -> (artifact id: 'e06af6a0c0730d68d42cb39e1d79fc98') in 0.028981 seconds
  Import took 0.037389 seconds .

========================================================================
Received Import Request.
  Time since last request: 0.000367 seconds.
  path: Assets/Prefabs/2.prefab
  artifactKey: Guid(cff60d5d07fc24dcaa4a7c6ffba9f112) Importer(815301076,1909f56bfc062723c751e8b465ee728b)
Start importing Assets/Prefabs/2.prefab using Guid(cff60d5d07fc24dcaa4a7c6ffba9f112) Importer(815301076,1909f56bfc062723c751e8b465ee728b)  -> (artifact id: '5373cc4d7af880dbb59c717670f622a6') in 0.042610 seconds
  Import took 0.045927 seconds .

========================================================================
Received Import Request.
  Time since last request: 0.001615 seconds.
  path: Assets/Prefabs/3.prefab
  artifactKey: Guid(3ee91e6038b424da29329309dd9e854c) Importer(815301076,1909f56bfc062723c751e8b465ee728b)
Start importing Assets/Prefabs/3.prefab using Guid(3ee91e6038b424da29329309dd9e854c) Importer(815301076,1909f56bfc062723c751e8b465ee728b)  -> (artifact id: 'e06af6a0c0730d68d42cb39e1d79fc98') in 0.023701 seconds
  Import took 0.028547 seconds .

========================================================================
Received Import Request.
  Time since last request: 44.370552 seconds.
  path: Assets/Prefabs/2.prefab
  artifactKey: Guid(cff60d5d07fc24dcaa4a7c6ffba9f112) Importer(815301076,1909f56bfc062723c751e8b465ee728b)
Start importing Assets/Prefabs/2.prefab using Guid(cff60d5d07fc24dcaa4a7c6ffba9f112) Importer(815301076,1909f56bfc062723c751e8b465ee728b)  -> (artifact id: '9c23bc5ef3048b5ac32ceb08377c4bb4') in 0.024693 seconds
  Import took 0.029643 seconds .

========================================================================
Received Import Request.
  Time since last request: 6.545406 seconds.
  path: Assets/Prefabs/3.prefab
  artifactKey: Guid(3ee91e6038b424da29329309dd9e854c) Importer(815301076,1909f56bfc062723c751e8b465ee728b)
Start importing Assets/Prefabs/3.prefab using Guid(3ee91e6038b424da29329309dd9e854c) Importer(815301076,1909f56bfc062723c751e8b465ee728b)  -> (artifact id: 'd2d735c9691cef2fa1465b116ba50308') in 0.019854 seconds
  Import took 0.023606 seconds .

========================================================================
Received Import Request.
  Time since last request: 0.046084 seconds.
  path: Assets/Prefabs/3.prefab
  artifactKey: Guid(3ee91e6038b424da29329309dd9e854c) Importer(815301076,1909f56bfc062723c751e8b465ee728b)
Start importing Assets/Prefabs/3.prefab using Guid(3ee91e6038b424da29329309dd9e854c) Importer(815301076,1909f56bfc062723c751e8b465ee728b)  -> (artifact id: 'd2d735c9691cef2fa1465b116ba50308') in 0.019675 seconds
  Import took 0.024743 seconds .

========================================================================
Received Prepare
Registering precompiled user dll's ...
Registered in 0.002034 seconds.
Begin MonoManager ReloadAssembly
Native extension for OSXStandalone target not found
Refreshing native plugins compatible for Editor in 0.24 ms, found 1 plugins.
Preloading 0 native plugins for Editor in 0.00 ms.
Invoked RoslynAnalysisRunner static constructor.
RoslynAnalysisRunner will not be running.
RoslynAnalysisRunner has terminated.
Mono: successfully reloaded assembly
- Completed reload, in  1.471 seconds
Platform modules already initialized, skipping
Refreshing native plugins compatible for Editor in 0.33 ms, found 1 plugins.
Preloading 0 native plugins for Editor in 0.00 ms.
Unloading 1096 Unused Serialized files (Serialized files now loaded: 0)
System memory in use before: 150.6 MB.
System memory in use after: 150.6 MB.

Unloading 5 unused Assets to reduce memory usage. Loaded Objects now: 1680.
Total: 2.600977 ms (FindLiveObjects: 0.300072 ms CreateObjectMapping: 0.065411 ms MarkObjects: 2.161347 ms  DeleteObjects: 0.072025 ms)

========================================================================
Received Import Request.
  Time since last request: 114.663812 seconds.
  path: Assets/Prefabs/3.prefab
  artifactKey: Guid(3ee91e6038b424da29329309dd9e854c) Importer(815301076,1909f56bfc062723c751e8b465ee728b)
Start importing Assets/Prefabs/3.prefab using Guid(3ee91e6038b424da29329309dd9e854c) Importer(815301076,1909f56bfc062723c751e8b465ee728b)  -> (artifact id: '9d85de61c0309e52db6271dd299ffbc8') in 0.173708 seconds
  Import took 0.178506 seconds .

========================================================================
Received Prepare
Registering precompiled user dll's ...
Registered in 0.000998 seconds.
Begin MonoManager ReloadAssembly
Native extension for OSXStandalone target not found
Refreshing native plugins compatible for Editor in 0.35 ms, found 1 plugins.
Preloading 0 native plugins for Editor in 0.00 ms.
Invoked RoslynAnalysisRunner static constructor.
RoslynAnalysisRunner will not be running.
RoslynAnalysisRunner has terminated.
Mono: successfully reloaded assembly
- Completed reload, in  1.391 seconds
Platform modules already initialized, skipping
Refreshing native plugins compatible for Editor in 0.41 ms, found 1 plugins.
Preloading 0 native plugins for Editor in 0.00 ms.
Unloading 1096 Unused Serialized files (Serialized files now loaded: 0)
System memory in use before: 150.9 MB.
System memory in use after: 150.9 MB.

Unloading 5 unused Assets to reduce memory usage. Loaded Objects now: 1683.
Total: 2.576377 ms (FindLiveObjects: 0.301969 ms CreateObjectMapping: 0.056114 ms MarkObjects: 2.154729 ms  DeleteObjects: 0.061644 ms)

========================================================================
Received Prepare
Registering precompiled user dll's ...
Registered in 0.000629 seconds.
Begin MonoManager ReloadAssembly
Native extension for OSXStandalone target not found
Refreshing native plugins compatible for Editor in 0.28 ms, found 1 plugins.
Preloading 0 native plugins for Editor in 0.00 ms.
Invoked RoslynAnalysisRunner static constructor.
RoslynAnalysisRunner will not be running.
RoslynAnalysisRunner has terminated.
Mono: successfully reloaded assembly
- Completed reload, in  1.615 seconds
Platform modules already initialized, skipping
Refreshing native plugins compatible for Editor in 0.28 ms, found 1 plugins.
Preloading 0 native plugins for Editor in 0.00 ms.
Unloading 1096 Unused Serialized files (Serialized files now loaded: 0)
System memory in use before: 151.1 MB.
System memory in use after: 151.1 MB.

Unloading 5 unused Assets to reduce memory usage. Loaded Objects now: 1685.
Total: 3.636107 ms (FindLiveObjects: 0.458028 ms CreateObjectMapping: 0.091378 ms MarkObjects: 3.002595 ms  DeleteObjects: 0.082199 ms)

========================================================================
Received Import Request.
  Time since last request: 83.942514 seconds.
  path: Assets/Prefabs/1.prefab
  artifactKey: Guid(af7650fbae9ff4c999255dac85edc253) Importer(815301076,1909f56bfc062723c751e8b465ee728b)
Start importing Assets/Prefabs/1.prefab using Guid(af7650fbae9ff4c999255dac85edc253) Importer(815301076,1909f56bfc062723c751e8b465ee728b)  -> (artifact id: '49fcfba1fd515f8b2f48312e116b7ea5') in 0.138768 seconds
  Import took 0.145127 seconds .

========================================================================
Received Import Request.
  Time since last request: 0.000323 seconds.
  path: Assets/Prefabs/2.prefab
  artifactKey: Guid(cff60d5d07fc24dcaa4a7c6ffba9f112) Importer(815301076,1909f56bfc062723c751e8b465ee728b)
Start importing Assets/Prefabs/2.prefab using Guid(cff60d5d07fc24dcaa4a7c6ffba9f112) Importer(815301076,1909f56bfc062723c751e8b465ee728b)  -> (artifact id: '96d5236449d0cfc8c7a137cbafa9d7f0') in 0.017547 seconds
  Import took 0.022089 seconds .

========================================================================
Received Import Request.
  Time since last request: 0.000381 seconds.
  path: Assets/Prefabs/3.prefab
  artifactKey: Guid(3ee91e6038b424da29329309dd9e854c) Importer(815301076,1909f56bfc062723c751e8b465ee728b)
Start importing Assets/Prefabs/3.prefab using Guid(3ee91e6038b424da29329309dd9e854c) Importer(815301076,1909f56bfc062723c751e8b465ee728b)  -> (artifact id: 'eb7e2a3f16869e55f26b7e37f9e3d0f5') in 0.018143 seconds
  Import took 0.022330 seconds .

========================================================================
Received Import Request.
  Time since last request: 0.000291 seconds.
  path: Assets/Prefabs/2.prefab
  artifactKey: Guid(cff60d5d07fc24dcaa4a7c6ffba9f112) Importer(815301076,1909f56bfc062723c751e8b465ee728b)
Start importing Assets/Prefabs/2.prefab using Guid(cff60d5d07fc24dcaa4a7c6ffba9f112) Importer(815301076,1909f56bfc062723c751e8b465ee728b)  -> (artifact id: '96d5236449d0cfc8c7a137cbafa9d7f0') in 0.014415 seconds
  Import took 0.018458 seconds .

========================================================================
Received Import Request.
  Time since last request: 2.562533 seconds.
  path: Assets/Prefabs/1.prefab
  artifactKey: Guid(af7650fbae9ff4c999255dac85edc253) Importer(815301076,1909f56bfc062723c751e8b465ee728b)
Start importing Assets/Prefabs/1.prefab using Guid(af7650fbae9ff4c999255dac85edc253) Importer(815301076,1909f56bfc062723c751e8b465ee728b)  -> (artifact id: '70297952571d3d58b6101a0d0a510089') in 0.033896 seconds
  Import took 0.037533 seconds .

========================================================================
Received Import Request.
  Time since last request: 0.030074 seconds.
  path: Assets/Prefabs/1.prefab
  artifactKey: Guid(af7650fbae9ff4c999255dac85edc253) Importer(815301076,1909f56bfc062723c751e8b465ee728b)
Start importing Assets/Prefabs/1.prefab using Guid(af7650fbae9ff4c999255dac85edc253) Importer(815301076,1909f56bfc062723c751e8b465ee728b)  -> (artifact id: '70297952571d3d58b6101a0d0a510089') in 0.020673 seconds
  Import took 0.026996 seconds .

========================================================================
Received Import Request.
  Time since last request: 0.000413 seconds.
  path: Assets/Prefabs/2.prefab
  artifactKey: Guid(cff60d5d07fc24dcaa4a7c6ffba9f112) Importer(815301076,1909f56bfc062723c751e8b465ee728b)
Start importing Assets/Prefabs/2.prefab using Guid(cff60d5d07fc24dcaa4a7c6ffba9f112) Importer(815301076,1909f56bfc062723c751e8b465ee728b)  -> (artifact id: '80d7e6e9e71691882a1aeb3f7faabccf') in 0.017434 seconds
  Import took 0.021028 seconds .

========================================================================
Received Import Request.
  Time since last request: 0.000382 seconds.
  path: Assets/Prefabs/3.prefab
  artifactKey: Guid(3ee91e6038b424da29329309dd9e854c) Importer(815301076,1909f56bfc062723c751e8b465ee728b)
Start importing Assets/Prefabs/3.prefab using Guid(3ee91e6038b424da29329309dd9e854c) Importer(815301076,1909f56bfc062723c751e8b465ee728b)  -> (artifact id: '3469f6ebdb1e5b98f0025cf569ff92f6') in 0.038295 seconds
  Import took 0.041583 seconds .

========================================================================
Received Import Request.
  Time since last request: 0.000974 seconds.
  path: Assets/Prefabs/2.prefab
  artifactKey: Guid(cff60d5d07fc24dcaa4a7c6ffba9f112) Importer(815301076,1909f56bfc062723c751e8b465ee728b)
Start importing Assets/Prefabs/2.prefab using Guid(cff60d5d07fc24dcaa4a7c6ffba9f112) Importer(815301076,1909f56bfc062723c751e8b465ee728b)  -> (artifact id: '80d7e6e9e71691882a1aeb3f7faabccf') in 0.018221 seconds
  Import took 0.022206 seconds .

========================================================================
Received Import Request.
  Time since last request: 0.018947 seconds.
  path: Assets/Prefabs/3.prefab
  artifactKey: Guid(3ee91e6038b424da29329309dd9e854c) Importer(815301076,1909f56bfc062723c751e8b465ee728b)
Start importing Assets/Prefabs/3.prefab using Guid(3ee91e6038b424da29329309dd9e854c) Importer(815301076,1909f56bfc062723c751e8b465ee728b)  -> (artifact id: '3469f6ebdb1e5b98f0025cf569ff92f6') in 0.022846 seconds
  Import took 0.027831 seconds .

========================================================================
Received Prepare
Registering precompiled user dll's ...
Registered in 0.002145 seconds.
Begin MonoManager ReloadAssembly
Native extension for OSXStandalone target not found
Refreshing native plugins compatible for Editor in 0.27 ms, found 1 plugins.
Preloading 0 native plugins for Editor in 0.00 ms.
Invoked RoslynAnalysisRunner static constructor.
RoslynAnalysisRunner will not be running.
RoslynAnalysisRunner has terminated.
Mono: successfully reloaded assembly
- Completed reload, in  1.701 seconds
Platform modules already initialized, skipping
Refreshing native plugins compatible for Editor in 0.33 ms, found 1 plugins.
Preloading 0 native plugins for Editor in 0.00 ms.
Unloading 1096 Unused Serialized files (Serialized files now loaded: 0)
System memory in use before: 151.3 MB.
System memory in use after: 151.4 MB.

Unloading 5 unused Assets to reduce memory usage. Loaded Objects now: 1688.
Total: 5.238795 ms (FindLiveObjects: 0.312960 ms CreateObjectMapping: 0.120691 ms MarkObjects: 4.673603 ms  DeleteObjects: 0.129015 ms)

